 
 
         *******************************************
         ***    ADC4  Core hole program          ***
         ***    PART II (Direct diagonalizing)   ***
         ***    Reworked in January 2015         ***
         *******************************************

gamess dumpfile (dfile) resides on dfile at block         1

two-electron mo integral file on vfile at block         1

number of active orbitals: 102

number of occupied orbitals:  21
number of virtual  orbitals:  81

number of symmetry species:   2

number of core orbitals:   1

problem symmetry:          1

symmetry numbering scheme:
                                 1    2    3    4    5    6    7    8
                               ---------------------------------------
                         Cs     a'   a"
                         Ci     ag   au
                         C2      a    b
                         D2      a   b1   b2   b3
                         C2v    a1   a2   b1   b2
                         C2h    ag   bg   au   bu
                         D2h    ag  b1g  b2g  b3g   au  b1u  b2u  b3u

active orbital symmetries:
   1   1   1   1   1   1   1   1   1   1   1   1   1   1   1   1   1   2   2   2
   2   1   1   1   1   1   1   1   1   1   1   1   1   1   1   1   1   1   1   1
   1   1   1   1   1   1   1   1   1   1   1   1   1   1   1   1   1   1   1   1
   1   1   1   1   1   1   1   1   1   1   1   1   1   1   1   1   1   1   1   1
   1   2   2   2   2   2   2   2   2   2   2   2   2   2   2   2   2   2   2   2
   2   2

number of   1h    configurations:      1
number of  2h1p   configurations:   1044
number of 3h2p[A] configurations:   1620
              [B]                  39600
              [C]                  10206
              [D]                 330120


matrix dimension:1753921


The matrix constructor will require 33.0Mb


 Qarr allocation size (Mb):      33247352
 unit number by ftopen_mp:             3
 
 
 number of words to be written:                   4145119
 number of corresponding bytes to be written:      33160952
 Entering gqfecris with            0
++ low level file information: opened file FT22F001.ADC
++ low level file information: opened file FT23F001.ADC
++ low level file information: opened file FT24F001.ADC
 Leaving gqfecris with           23
 
 
 *************************************************
 DAVIDSON DIAGONALIZER -- M.Pernpointner 2013-2015
 ADC4 callback interface introduced:     Jan. 2015
 Restart option introduced:              Jan. 2015
 *************************************************
 
  ------ Matrix parameters -----------
 
 Matrix signature (symmetry):      0001
 ADC matrix dimension:                   1753921
 Size of main space:                           1
 Size of sat space:                      1753920
 
  ------ Davidson parameters -----------
 
 Number of Davidson roots:                 20
 Maximum Davidson subspace:               400
 Number of Macro iterations:               30
 Eigenvalue convergence up to:       0.10E-02
 Provided max. memory in words:    1100719844
 User asks for a restart.
 
 Actual memory usage by Davidson:                749734544  real*8 words
 
 Looking for restart vectors in dav_restart.0001
 Restart file not found.
 Continuing as a new run.
 
 Initializing Callback interface
 
   ****   MACRO iteration            1
 
 Orthogonality of the Davidson start vectors:
 Should be close to zero:    0.000000000000000     
 
 (Re)initializing Krylov space of dim.:           20
 
 
   root    dim       energy(eV)       error (eV)     status
--------------------------------------------------------
      1      20        561.6621         31.3709 o    OK      
      2      20        620.6421         49.1555 o PX OK      
      3      20        621.8329         49.6246 o PX OK      
      4      20        622.0638         48.7005 o PX OK      
      5      20        623.0227         48.9205 o PX OK      
      6      20        623.4385         48.9873 o PX OK      
      7      20        625.3593         47.9974 o PX OK      
      8      20        625.8832         49.8958 o PX OK      
      9      20        627.4601         49.7753 o PX OK      
     10      20        628.2268         49.0683 o PX OK      
     11      20        628.3606         49.8472 o PX OK      
     12      20        629.2136         49.9185 o PX OK      
     13      20        629.7476         49.0329 o PX OK      
     14      20        629.9884         49.1240 o PX OK      
     15      20        630.0251         49.6050 o PX OK      
     16      20        631.2077         50.1465 o PX OK      
     17      20        631.4125         49.0008 o PX OK      
     18      20        632.1120         48.9071 o PX OK      
     19      20        633.4305         49.2838 o PX OK      
     20      20        634.3770         49.1795 o PX OK      
     
      1      40        550.1610         26.3846 o    OK      
      2      40        586.6221         46.3852 o PX OK      
      3      40        616.4387         33.9192 o PX OK      
      4      40        616.9637         32.9088 o PX OK      
      5      40        617.7188         32.5075 o PX OK      
      6      40        620.4156         38.0092 o PX OK      
      7      40        621.2119         41.5209 o PX OK      
      8      40        621.7715         35.6820 o PX OK      
      9      40        622.2702         43.8180 o PX OK      
     10      40        622.9796         37.7243 o PX OK      
     11      40        623.1886         27.8377 o PX OK      
     12      40        623.4729         38.7478 o PX OK      
     13      40        624.0239         43.4810 o PX OK      
     14      40        624.4769         33.8095 o PX OK      
     15      40        624.9970         32.5723 o PX OK      
     16      40        625.7129         35.5600 o PX OK      
     17      40        626.6384         33.6180 o PX OK      
     18      40        626.8279         35.5824 o PX OK      
     19      40        627.1414         37.1843 o PX OK      
     20      40        627.9136         37.5990 o PX OK      
     
      1      60        541.9550         14.1689 o    OK      
      2      60        581.0086         35.3946 o PX OK      
      3      60        588.3602         29.3678 o PX OK      
      4      60        614.2948         31.3712 o PX OK      
      5      60        614.7820         30.9013 o PX OK      
      6      60        615.5148         27.7823 o PX OK      
      7      60        616.0218         34.6798 o PX OK      
      8      60        616.9102         27.7992 o PX OK      
      9      60        617.7723         25.7104 o PX OK      
     10      60        618.1951         24.9086 o PX OK      
     11      60        618.7304         32.4409 o PX OK      
     12      60        619.3108         30.7757 o PX OK      
     13      60        619.6236         26.4521 o PX OK      
     14      60        620.4281         33.7316 o PX OK      
     15      60        620.9251         27.6631 o PX OK      
     16      60        621.3874         30.6515 o PX OK      
     17      60        621.9288         23.9841 o PX OK      
     18      60        622.3526         28.6812 o PX OK      
     19      60        622.5174         25.3498 o PX OK      
     20      60        622.7745         28.3510 o PX OK      
     
      1      80        539.9781          4.4839 o    OK      
      2      80        574.9560         31.5883 o PX OK      
      3      80        580.4181         35.4579 o PX OK      
      4      80        586.3721         20.5181 o PX OK      
      5      80        588.6650         21.9864 o PX OK      
      6      80        612.8995         26.4804 o PX OK      
      7      80        613.2683         24.2051 o PX OK      
      8      80        614.2537         22.8711 o PX OK      
      9      80        614.5603         29.5545 o PX OK      
     10      80        615.5346         24.6923 o PX OK      
     11      80        615.7240         24.4078 o PX OK      
     12      80        616.2031         25.8350 o PX OK      
     13      80        616.6024         22.2650 o PX OK      
     14      80        616.9131         23.4584 o PX OK      
     15      80        616.9689         19.4580 o PX OK      
     16      80        617.3863         26.2078 o PX OK      
     17      80        617.5726         21.3061 o PX OK      
     18      80        618.0203         22.4407 o PX OK      
     19      80        618.3831         27.0992 o PX OK      
     20      80        618.4845         25.8824 o PX OK      
     
      1     100        539.7082          3.0127 o    OK      
      2     100        569.5071         29.1897 o    OK      
      3     100        574.8553         19.6800 o PX OK      
      4     100        577.2440         25.4841 o PX OK      
      5     100        582.5459         29.8632 o PX OK      
      6     100        584.8147         18.7620 o PX OK      
      7     100        587.4938         22.0460 o PX OK      
      8     100        588.3088         22.0206 o PX OK      
      9     100        589.2068         23.2424 o PX OK      
     10     100        603.9993         50.7065 o PX OK      
     11     100        611.7881         22.6831 o PX OK      
     12     100        612.2250         20.1023 o PX OK      
     13     100        613.3166         20.6558 o PX OK      
     14     100        613.5726         24.7179 o PX OK      
     15     100        613.7928         22.6238 o PX OK      
     16     100        614.2768         19.2921 o PX OK      
     17     100        614.6228         22.6354 o PX OK      
     18     100        614.7452         21.0482 o PX OK      
     19     100        614.9127         18.9783 o PX OK      
     20     100        615.1092         21.2331 o PX OK      
     
      1     120        539.5463          2.0471 o    OK      
      2     120        558.6196         24.2204 o    OK      
      3     120        568.8524         29.0775 o    OK      
      4     120        573.3079         21.6344 o    OK      
      5     120        574.4936         17.2931 o PX OK      
      6     120        574.5855         16.4442 o PX OK      
      7     120        579.4885         25.2229 o PX OK      
      8     120        581.1460         18.4003 o PX OK      
      9     120        582.7497         20.5274 o PX OK      
     10     120        584.7276         30.0447 o PX OK      
     11     120        585.6260         25.5223 o PX OK      
     12     120        586.8828         18.6114 o PX OK      
     13     120        587.5388         21.1709 o PX OK      
     14     120        587.9072         20.2317 o PX OK      
     15     120        588.6524         22.5405 o PX OK      
     16     120        589.4476         23.4516 o PX OK      
     17     120        590.0030         27.1569 o PX OK      
     18     120        591.2594         23.6944 o PX OK      
     19     120        604.1632         20.8082 o PX OK      
     20     120        610.9222         21.4618 o PX OK      
     
      1     140        539.4770          1.4891 o    OK      
      2     140        549.6217         15.6252 o    OK      
      3     140        565.8644         21.8500 o    OK      
      4     140        569.3157         18.9336 o PX OK      
      5     140        569.9407         27.6276 o    OK      
      6     140        571.5555         18.0978 o    OK      
      7     140        573.4121         16.5511 o    OK      
      8     140        574.6449         19.9344 o PX OK      
      9     140        575.5509         18.9727 o PX OK      
     10     140        576.8177         18.9611 o PX OK      
     11     140        577.7734         27.6638 o PX OK      
     12     140        579.7240         27.1226 o PX OK      
     13     140        580.7416         24.5357 o PX OK      
     14     140        580.9196         23.8743 o PX OK      
     15     140        582.1071         21.7627 o PX OK      
     16     140        582.2338         20.1904 o PX OK      
     17     140        583.0047         25.8619 o PX OK      
     18     140        583.6761         24.9433 o PX OK      
     19     140        585.1780         20.4219 o PX OK      
     20     140        586.1177         21.9441 o PX OK      
     
      1     160        539.4333          1.1741 o    OK      
      2     160        545.5760          9.9002 o    OK      
      3     160        560.0010         22.1539 o    OK      
      4     160        561.5583         19.8149 o    OK      
      5     160        564.2513         29.1673 o    OK      
      6     160        567.6035         21.4134 o PX OK      
      7     160        568.0348         31.4054 o    OK      
      8     160        569.9742         26.0579 o    OK      
      9     160        570.5840         20.8163 o    OK      
     10     160        571.3413         28.2068 o    OK      
     11     160        571.6639         19.3074 o    OK      
     12     160        572.4332         23.5154 o    OK      
     13     160        573.6226         20.3812 o PX OK      
     14     160        574.5643         22.6008 o PX OK      
     15     160        574.7091         24.9506 o PX OK      
     16     160        575.4783         23.1436 o PX OK      
     17     160        575.9003         22.7711 o PX OK      
     18     160        576.2464         20.0649 o PX OK      
     19     160        577.3721         19.6678 o PX OK      
     20     160        577.9171         20.2407 o PX OK      
     
      1     180        539.4113          0.6659 o    OK      
      2     180        544.0518          5.3400 o    OK      
      3     180        551.2773         14.2880 o    OK      
      4     180        552.2201         18.5730 o    OK      
      5     180        555.2002         18.1053 o    OK      
      6     180        561.7490         22.6721 o    OK      
      7     180        563.7921         23.6183 o PX OK      
      8     180        565.7699         25.8888 o    OK      
      9     180        565.9653         21.7828 o    OK      
     10     180        566.7458         20.5493 o    OK      
     11     180        567.2352         17.9760 o    OK      
     12     180        567.8736         19.5416 o    OK      
     13     180        568.0823         16.7879 o    OK      
     14     180        568.6647         21.0013 o    OK      
     15     180        569.2374         16.3817 o    OK      
     16     180        570.2663         21.8844 o    OK      
     17     180        570.5916         19.6546 o    OK      
     18     180        570.8104         20.2865 o    OK      
     19     180        571.3951         19.7220 o PX OK      
     20     180        571.7848         19.9106 o    OK      
     
      1     200        539.4040          0.4361 o    OK      
      2     200        543.4862          4.1815 o    OK      
      3     200        544.3157         10.2490 o    OK      
      4     200        545.9610         10.7873 o    OK      
      5     200        548.9163          9.8514 o    OK      
      6     200        550.9521         13.4660 o    OK      
      7     200        555.2290         19.4628 o    OK      
      8     200        556.9182         18.4286 o    OK      
      9     200        558.0968         16.9793 o    OK      
     10     200        560.5139         21.8397 o    OK      
     11     200        561.5596         16.4257 o    OK      
     12     200        562.0419         25.0107 o PX OK      
     13     200        563.4628         16.2846 o    OK      
     14     200        563.9264         15.3221 o    OK      
     15     200        564.2137         18.2714 o    OK      
     16     200        565.1063         15.2333 o    OK      
     17     200        565.8994         14.0542 o    OK      
     18     200        566.3787         14.9049 o    OK      
     19     200        566.5043         16.1423 o    OK      
     20     200        567.2344         18.1347 o    OK      
     
      1     220        539.4000          0.3002 o    OK      
      2     220        541.7919          6.4466 o    OK      
      3     220        542.2863          6.1663 o    OK      
      4     220        543.1630          6.0560 o    OK      
      5     220        544.9069         11.7957 o    OK      
      6     220        546.7849          5.6618 o    OK      
      7     220        547.4999          7.7782 o    OK      
      8     220        549.3332          8.2368 o    OK      
      9     220        549.7706         11.3022 o    OK      
     10     220        550.2907         10.0417 o    OK      
     11     220        551.0198         10.9923 o    OK      
     12     220        552.1241         11.5821 o    OK      
     13     220        555.4033         15.1579 o    OK      
     14     220        558.1153         12.4974 o    OK      
     15     220        558.8205          9.3469 o    OK      
     16     220        558.9932         13.0444 o    OK      
     17     220        560.4059         10.8114 o    OK      
     18     220        560.6387         11.1902 o    OK      
     19     220        561.8510         11.7732 o    OK      
     20     220        562.1891         11.9142 o    OK      
     
      1     240        539.3982          0.1861 o    OK      
      2     240        541.0405          3.2032 o    OK      
      3     240        541.5756          3.2081 o    OK      
      4     240        541.8313          4.2005 o    OK      
      5     240        543.5053          2.4883 o    OK      
      6     240        545.7533          4.4573 o    OK      
      7     240        546.2405          6.5861 o    OK      
      8     240        546.6114          5.3699 o    OK      
      9     240        547.5758          5.3971 o    OK      
     10     240        548.2366          5.1742 o    OK      
     11     240        548.5286          5.8634 o    OK      
     12     240        549.1086          6.5913 o    OK      
     13     240        550.3617          7.0335 o    OK      
     14     240        552.3256          9.9258 o    OK      
     15     240        555.8967          8.7619 o    OK      
     16     240        556.0160         10.0034 o    OK      
     17     240        556.4224          8.5917 o    OK      
     18     240        557.3462          7.1761 o    OK      
     19     240        558.2096          7.9648 o    OK      
     20     240        558.8347          7.2787 o    OK      
     
      1     260        539.3976          0.0910 o    OK      
      2     260        540.8822          1.5038 o    OK      
      3     260        541.3647          1.9678 o    OK      
      4     260        541.5730          1.8469 o    OK      
      5     260        543.3998          1.2028 o    OK      
      6     260        544.9895          3.7067 o    OK      
      7     260        545.6036          2.6711 o    OK      
      8     260        545.8772          3.7446 o    OK      
      9     260        546.9555          2.9154 o    OK      
     10     260        547.6311          3.8366 o    OK      
     11     260        547.7828          2.7293 o    OK      
     12     260        548.5160          2.7530 o    OK      
     13     260        549.3458          5.0743 o    OK      
     14     260        550.0639          4.7669 o    OK      
     15     260        552.8542          9.1633 o    OK      
     16     260        553.2771          7.2302 o    OK      
     17     260        554.1554          7.8158 o    OK      
     18     260        556.3064          4.7557 o    OK      
     19     260        556.8842          5.5372 o    OK      
     20     260        557.2582          7.0808 o    OK      
     
      1     280        539.3975          0.0461 o    OK      
      2     280        540.8459          0.7347 o    OK      
      3     280        541.3022          0.9598 o    OK      
      4     280        541.5230          0.8962 o    OK      
      5     280        543.3757          0.6250 o    OK      
      6     280        544.7256          1.9535 o    OK      
      7     280        545.4737          1.7113 o    OK      
      8     280        545.6249          1.8824 o    OK      
      9     280        546.7946          1.7263 o    OK      
     10     280        547.3819          2.0589 o    OK      
     11     280        547.6248          1.8892 o    OK      
     12     280        548.3619          1.9262 o    OK      
     13     280        548.7113          3.6737 o    OK      
     14     280        549.6572          2.4527 o    OK      
     15     280        550.7512          5.9189 o    OK      
     16     280        551.9655          5.8798 o    OK      
     17     280        552.9620          5.3772 o    OK      
     18     280        554.6398          8.4667 o    OK      
     19     280        555.9030          6.4868 o    OK      
     20     280        556.1306          4.9540 o    OK      
     
      1     300        539.3975          0.0229 *    OK      
      2     300        540.8378          0.3762 o    OK      
      3     300        541.2882          0.4746 o    OK      
      4     300        541.5104          0.4929 o    OK      
      5     300        543.3695          0.3497 o    OK      
      6     300        544.6529          1.2007 o    OK      
      7     300        545.4170          1.0933 o    OK      
      8     300        545.5688          0.9702 o    OK      
      9     300        546.7326          1.0696 o    OK      
     10     300        547.2994          1.2639 o    OK      
     11     300        547.5422          1.4766 o    OK      
     12     300        548.1965          2.9017 o    OK      
     13     300        548.4313          2.1260 o    OK      
     14     300        549.5375          1.4986 o    OK      
     15     300        550.0575          3.8852 o    OK      
     16     300        550.9907          4.9644 o    OK      
     17     300        552.4769          3.3455 o    OK      
     18     300        553.1838          5.3709 o    OK      
     19     300        554.4051          7.6036 o    OK      
     20     300        554.9602          6.7942 o    OK      
     
      1     320        539.3975          0.0108 *    OK      
      2     320        540.8356          0.1918 o    OK      
      3     320        541.2846          0.2431 o    OK      
      4     320        541.5068          0.2572 o    OK      
      5     320        543.3675          0.1924 o    OK      
      6     320        544.6256          0.7752 o    OK      
      7     320        545.3945          0.6598 o    OK      
      8     320        545.5526          0.5752 o    OK      
      9     320        546.7107          0.6676 o    OK      
     10     320        547.2671          0.8159 o    OK      
     11     320        547.4956          1.0331 o    OK      
     12     320        547.8966          3.2609 o    OK      
     13     320        548.3661          0.9877 o    OK      
     14     320        549.4930          0.9840 o    OK      
     15     320        549.7426          2.5917 o    OK      
     16     320        550.4824          3.3456 o    OK      
     17     320        552.2783          2.5159 o    OK      
     18     320        552.3832          7.3174 o    OK      
     19     320        552.6913          6.2079 o    OK      
     20     320        553.2363          5.6246 o    OK      
     
      1     340        539.3975          0.0052 *    OK      
      2     340        540.8350          0.0971 o    OK      
      3     340        541.2837          0.1186 o    OK      
      4     340        541.5058          0.1276 o    OK      
      5     340        543.3669          0.1036 o    OK      
      6     340        544.6149          0.4195 o    OK      
      7     340        545.3867          0.3830 o    OK      
      8     340        545.5467          0.3461 o    OK      
      9     340        546.7027          0.3907 o    OK      
     10     340        547.2519          0.5904 o    OK      
     11     340        547.4745          0.6513 o    OK      
     12     340        547.6490          2.3706 o    OK      
     13     340        548.3496          0.5195 o    OK      
     14     340        549.4737          0.6520 o    OK      
     15     340        549.5898          1.7477 o    OK      
     16     340        550.2433          2.3195 o    OK      
     17     340        551.0768          4.9660 o    OK      
     18     340        552.0913          3.7987 o    OK      
     19     340        552.1731          2.2178 o    OK      
     20     340        552.7577          2.8531 o    OK      
     
      1     360        539.3975          0.0024 *    OK      
      2     360        540.8349          0.0479 o    OK      
      3     360        541.2835          0.0540 o    OK      
      4     360        541.5056          0.0640 o    OK      
      5     360        543.3668          0.0542 o    OK      
      6     360        544.6118          0.2193 o    OK      
      7     360        545.3843          0.2076 o    OK      
      8     360        545.5445          0.2014 o    OK      
      9     360        546.6998          0.2251 o    OK      
     10     360        547.2446          0.4207 o    OK      
     11     360        547.4662          0.4310 o    OK      
     12     360        547.5436          1.4635 o    OK      
     13     360        548.3447          0.2995 o    OK      
     14     360        549.4639          0.5037 o    OK      
     15     360        549.5254          1.2053 o    OK      
     16     360        550.1272          1.5833 o    OK      
     17     360        550.6318          2.9605 o    OK      
     18     360        551.7439          2.9114 o    OK      
     19     360        552.0790          1.7582 o    OK      
     20     360        552.6008          1.9179 o    OK      
     
      1     380        539.3975          0.0011 *    OK      
      2     380        540.8349          0.0233 *    OK      
      3     380        541.2834          0.0255 *    OK      
      4     380        541.5055          0.0324 o    OK      
      5     380        543.3667          0.0283 o    OK      
      6     380        544.6110          0.1211 o    OK      
      7     380        545.3836          0.1091 o    OK      
      8     380        545.5439          0.1154 o    OK      
      9     380        546.6989          0.1260 o    OK      
     10     380        547.2412          0.2630 o    OK      
     11     380        547.4624          0.2911 o    OK      
     12     380        547.5046          0.8462 o    OK      
     13     380        548.3430          0.1839 o    OK      
     14     380        549.4568          0.4713 o    OK      
     15     380        549.4969          0.7654 o    OK      
     16     380        550.0767          1.0557 o    OK      
     17     380        550.4646          1.7907 o    OK      
     18     380        551.5694          2.0025 o    OK      
     19     380        552.0083          1.5539 o    OK      
     20     380        552.5206          1.4293 o    OK      
     
 Davidson space exhausted.
 Generating new (orthogonalized) start vectors.
 For the next macroiteration.
 Leaving micro iteration loop.
 Saving restart information to dav_restart.0001
 Davidson restart file dav_restart.0001 generated.
   ****   MACRO iteration            2
 
 Orthogonality of the Davidson start vectors:
 Should be close to zero:   7.0699002208129968E-013
 
 (Re)initializing Krylov space of dim.:           20
 
 
   root    dim       energy(eV)       error (eV)     status
--------------------------------------------------------
      1      20        539.3975          0.0013 *    OK      
      2      20        540.8349          0.0274 o    OK      
      3      20        541.2834          0.0299 o    OK      
      4      20        541.5055          0.0382 o    OK      
      5      20        543.3667          0.0331 o    OK      
      6      20        544.6111          0.1401 o    OK      
      7      20        545.3836          0.1265 o    OK      
      8      20        545.5439          0.1348 o    OK      
      9      20        546.6990          0.1461 o    OK      
     10      20        547.2414          0.3011 o    OK      
     11      20        547.4627          0.3271 o    OK      
     12      20        547.5074          0.9791 o    OK      
     13      20        548.3431          0.2126 o    OK      
     14      20        549.4576          0.5235 o    OK      
     15      20        549.4992          0.8883 o    OK      
     16      20        550.0810          1.2151 o    OK      
     17      20        550.4771          2.0707 o    OK      
     18      20        551.5850          2.3128 o    OK      
     19      20        552.0177          1.7994 o    OK      
     20      20        552.5286          1.6612 o    OK      
     
      1      40        539.3975          0.0006 *    OK      
      2      40        540.8349          0.0136 *    OK      
      3      40        541.2834          0.0151 *    OK      
      4      40        541.5055          0.0190 *    OK      
      5      40        543.3667          0.0170 *    OK      
      6      40        544.6108          0.0762 o    OK      
      7      40        545.3834          0.0670 o    OK      
      8      40        545.5437          0.0716 o    OK      
      9      40        546.6987          0.0766 o    OK      
     10      40        547.2403          0.1710 o    OK      
     11      40        547.4613          0.2044 o    OK      
     12      40        547.4959          0.5407 o    OK      
     13      40        548.3426          0.1168 o    OK      
     14      40        549.4535          0.3496 o    OK      
     15      40        549.4898          0.4772 o    OK      
     16      40        550.0633          0.6594 o    OK      
     17      40        550.4250          1.1571 o    OK      
     18      40        551.5218          1.2549 o    OK      
     19      40        551.9808          1.0552 o    OK      
     20      40        552.4960          0.9049 o    OK      
     
      1      60        539.3975          0.0004 *    OK      
      2      60        540.8349          0.0082 *    OK      
      3      60        541.2834          0.0092 *    OK      
      4      60        541.5055          0.0121 *    OK      
      5      60        543.3667          0.0110 *    OK      
      6      60        544.6107          0.0527 o    OK      
      7      60        545.3833          0.0462 o    OK      
      8      60        545.5436          0.0498 o    OK      
      9      60        546.6986          0.0531 o    OK      
     10      60        547.2396          0.1329 o    OK      
     11      60        547.4603          0.1659 o    OK      
     12      60        547.4894          0.4102 o    OK      
     13      60        548.3423          0.0920 o    OK      
     14      60        549.4501          0.3246 o    OK      
     15      60        549.4846          0.3601 o    OK      
     16      60        550.0531          0.5205 o    OK      
     17      60        550.3931          0.9490 o    OK      
     18      60        551.4846          1.0036 o    OK      
     19      60        551.9494          1.1237 o    OK      
     20      60        552.4746          0.8076 o    OK      
     
      1      80        539.3975          0.0002 *    OK      
      2      80        540.8349          0.0044 *    OK      
      3      80        541.2834          0.0047 *    OK      
      4      80        541.5055          0.0066 *    OK      
      5      80        543.3667          0.0063 *    OK      
      6      80        544.6107          0.0315 o    OK      
      7      80        545.3833          0.0283 o    OK      
      8      80        545.5436          0.0322 o    OK      
      9      80        546.6986          0.0338 o    OK      
     10      80        547.2393          0.0910 o    OK      
     11      80        547.4597          0.1175 o    OK      
     12      80        547.4859          0.2738 o    OK      
     13      80        548.3421          0.0649 o    OK      
     14      80        549.4475          0.2687 o    OK      
     15      80        549.4818          0.2534 o    OK      
     16      80        550.0471          0.4091 o    OK      
     17      80        550.3729          0.7266 o    OK      
     18      80        551.4611          0.8188 o    OK      
     19      80        551.9152          1.1702 o    OK      
     20      80        552.4580          0.7070 o    OK      
     
      1     100        539.3975          0.0001 *    OK      
      2     100        540.8349          0.0022 *    OK      
      3     100        541.2834          0.0024 *    OK      
      4     100        541.5055          0.0034 *    OK      
      5     100        543.3667          0.0033 *    OK      
      6     100        544.6106          0.0171 *    OK      
      7     100        545.3833          0.0165 *    OK      
      8     100        545.5435          0.0195 *    OK      
      9     100        546.6985          0.0206 *    OK      
     10     100        547.2391          0.0549 o    OK      
     11     100        547.4594          0.0722 o    OK      
     12     100        547.4846          0.1638 o    OK      
     13     100        548.3420          0.0403 o    OK      
     14     100        549.4459          0.1991 o    OK      
     15     100        549.4805          0.1664 o    OK      
     16     100        550.0433          0.3131 o    OK      
     17     100        550.3620          0.5105 o    OK      
     18     100        551.4451          0.6928 o    OK      
     19     100        551.8807          1.1507 o    OK      
     20     100        552.4464          0.6042 o    OK      
     
      1     120        539.3975          0.0000 *    OK      
      2     120        540.8349          0.0011 *    OK      
      3     120        541.2834          0.0013 *    OK      
      4     120        541.5055          0.0018 *    OK      
      5     120        543.3667          0.0018 *    OK      
      6     120        544.6106          0.0097 *    OK      
      7     120        545.3833          0.0097 *    OK      
      8     120        545.5435          0.0121 *    OK      
      9     120        546.6985          0.0131 *    OK      
     10     120        547.2391          0.0338 o    OK      
     11     120        547.4593          0.0441 o    OK      
     12     120        547.4841          0.1024 o    OK      
     13     120        548.3420          0.0262 *    OK      
     14     120        549.4450          0.1558 o    OK      
     15     120        549.4800          0.1170 o    OK      
     16     120        550.0410          0.2557 o    OK      
     17     120        550.3567          0.3761 o    OK      
     18     120        551.4336          0.6122 o    OK      
     19     120        551.8503          1.0303 o    OK      
     20     120        552.4371          0.5736 o    OK      
     
      1     140        539.3975          0.0000 *    OK      
      2     140        540.8349          0.0005 *    OK      
      3     140        541.2834          0.0007 *    OK      
      4     140        541.5055          0.0009 *    OK      
      5     140        543.3667          0.0010 *    OK      
      6     140        544.6106          0.0057 *    OK      
      7     140        545.3833          0.0057 *    OK      
      8     140        545.5435          0.0072 *    OK      
      9     140        546.6985          0.0083 *    OK      
     10     140        547.2391          0.0207 *    OK      
     11     140        547.4593          0.0275 o    OK      
     12     140        547.4839          0.0655 o    OK      
     13     140        548.3420          0.0161 *    OK      
     14     140        549.4445          0.1153 o    OK      
     15     140        549.4797          0.0817 o    OK      
     16     140        550.0396          0.1814 o    OK      
     17     140        550.3537          0.2874 o    OK      
     18     140        551.4256          0.4814 o    OK      
     19     140        551.8290          0.8089 o    OK      
     20     140        552.4287          0.5304 o    OK      
     
      1     160        539.3975          0.0000 *    OK      
      2     160        540.8349          0.0003 *    OK      
      3     160        541.2834          0.0003 *    OK      
      4     160        541.5055          0.0005 *    OK      
      5     160        543.3667          0.0005 *    OK      
      6     160        544.6106          0.0031 *    OK      
      7     160        545.3833          0.0031 *    OK      
      8     160        545.5435          0.0039 *    OK      
      9     160        546.6985          0.0047 *    OK      
     10     160        547.2390          0.0125 *    OK      
     11     160        547.4593          0.0173 *    OK      
     12     160        547.4838          0.0413 o    OK      
     13     160        548.3419          0.0103 *    OK      
     14     160        549.4442          0.0793 o    OK      
     15     160        549.4795          0.0576 o    OK      
     16     160        550.0390          0.1219 o    OK      
     17     160        550.3518          0.2128 o    OK      
     18     160        551.4205          0.3638 o    OK      
     19     160        551.8158          0.6131 o    OK      
     20     160        552.4212          0.4880 o    OK      
     
      1     180        539.3975          0.0000 *    OK      
      2     180        540.8349          0.0001 *    OK      
      3     180        541.2834          0.0002 *    OK      
      4     180        541.5055          0.0002 *    OK      
      5     180        543.3667          0.0002 *    OK      
      6     180        544.6106          0.0017 *    OK      
      7     180        545.3833          0.0017 *    OK      
      8     180        545.5435          0.0022 *    OK      
      9     180        546.6985          0.0027 *    OK      
     10     180        547.2390          0.0075 *    OK      
     11     180        547.4593          0.0108 *    OK      
     12     180        547.4838          0.0249 *    OK      
     13     180        548.3419          0.0067 *    OK      
     14     180        549.4441          0.0518 o    OK      
     15     180        549.4795          0.0403 o    OK      
     16     180        550.0386          0.0843 o    OK      
     17     180        550.3508          0.1491 o    OK      
     18     180        551.4177          0.2739 o    OK      
     19     180        551.8078          0.4864 o    OK      
     20     180        552.4149          0.4425 o    OK      
     
      1     200        539.3975          0.0000 *    OK      
      2     200        540.8349          0.0001 *    OK      
      3     200        541.2834          0.0001 *    OK      
      4     200        541.5055          0.0001 *    OK      
      5     200        543.3667          0.0001 *    OK      
      6     200        544.6106          0.0009 *    OK      
      7     200        545.3833          0.0010 *    OK      
      8     200        545.5435          0.0011 *    OK      
      9     200        546.6985          0.0016 *    OK      
     10     200        547.2390          0.0044 *    OK      
     11     200        547.4593          0.0064 *    OK      
     12     200        547.4838          0.0147 *    OK      
     13     200        548.3419          0.0042 *    OK      
     14     200        549.4440          0.0331 o    OK      
     15     200        549.4794          0.0271 *    OK      
     16     200        550.0385          0.0516 o    OK      
     17     200        550.3504          0.1013 o    OK      
     18     200        551.4161          0.1948 o    OK      
     19     200        551.8029          0.3579 o    OK      
     20     200        552.4095          0.3975 o    OK      
     
      1     220        539.3975          0.0000 *    OK      
      2     220        540.8349          0.0000 *    OK      
      3     220        541.2834          0.0000 *    OK      
      4     220        541.5055          0.0001 *    OK      
      5     220        543.3667          0.0001 *    OK      
      6     220        544.6106          0.0005 *    OK      
      7     220        545.3833          0.0005 *    OK      
      8     220        545.5435          0.0006 *    OK      
      9     220        546.6985          0.0009 *    OK      
     10     220        547.2390          0.0026 *    OK      
     11     220        547.4593          0.0039 *    OK      
     12     220        547.4838          0.0088 *    OK      
     13     220        548.3419          0.0026 *    OK      
     14     220        549.4440          0.0213 *    OK      
     15     220        549.4794          0.0178 *    OK      
     16     220        550.0385          0.0332 o    OK      
     17     220        550.3502          0.0703 o    OK      
     18     220        551.4152          0.1411 o    OK      
     19     220        551.8004          0.2542 o    OK      
     20     220        552.4056          0.3264 o    OK      
     
      1     240        539.3975          0.0000 *    OK      
      2     240        540.8349          0.0000 *    OK      
      3     240        541.2834          0.0000 *    OK      
      4     240        541.5055          0.0000 *    OK      
      5     240        543.3667          0.0000 *    OK      
      6     240        544.6106          0.0003 *    OK      
      7     240        545.3833          0.0003 *    OK      
      8     240        545.5435          0.0003 *    OK      
      9     240        546.6985          0.0005 *    OK      
     10     240        547.2390          0.0014 *    OK      
     11     240        547.4593          0.0022 *    OK      
     12     240        547.4838          0.0049 *    OK      
     13     240        548.3419          0.0016 *    OK      
     14     240        549.4440          0.0132 *    OK      
     15     240        549.4794          0.0111 *    OK      
     16     240        550.0384          0.0209 *    OK      
     17     240        550.3501          0.0446 o    OK      
     18     240        551.4148          0.0989 o    OK      
     19     240        551.7990          0.1848 o    OK      
     20     240        552.4029          0.2598 o    OK      
     
      1     260        539.3975          0.0000 *    OK      
      2     260        540.8349          0.0000 *    OK      
      3     260        541.2834          0.0000 *    OK      
      4     260        541.5055          0.0000 *    OK      
      5     260        543.3667          0.0000 *    OK      
      6     260        544.6106          0.0001 *    OK      
      7     260        545.3833          0.0002 *    OK      
      8     260        545.5435          0.0002 *    OK      
      9     260        546.6985          0.0003 *    OK      
     10     260        547.2390          0.0008 *    OK      
     11     260        547.4593          0.0012 *    OK      
     12     260        547.4838          0.0029 *    OK      
     13     260        548.3419          0.0010 *    OK      
     14     260        549.4440          0.0085 *    OK      
     15     260        549.4794          0.0073 *    OK      
     16     260        550.0384          0.0134 *    OK      
     17     260        550.3500          0.0299 o    OK      
     18     260        551.4146          0.0714 o    OK      
     19     260        551.7983          0.1330 o    OK      
     20     260        552.4012          0.2115 o    OK      
     
      1     280        539.3975          0.0000 *    OK      
      2     280        540.8349          0.0000 *    OK      
      3     280        541.2834          0.0000 *    OK      
      4     280        541.5055          0.0000 *    OK      
      5     280        543.3667          0.0000 *    OK      
      6     280        544.6106          0.0001 *    OK      
      7     280        545.3833          0.0001 *    OK      
      8     280        545.5435          0.0001 *    OK      
      9     280        546.6985          0.0002 *    OK      
     10     280        547.2390          0.0005 *    OK      
     11     280        547.4593          0.0007 *    OK      
     12     280        547.4838          0.0017 *    OK      
     13     280        548.3419          0.0006 *    OK      
     14     280        549.4440          0.0053 *    OK      
     15     280        549.4794          0.0046 *    OK      
     16     280        550.0384          0.0086 *    OK      
     17     280        550.3500          0.0195 *    OK      
     18     280        551.4144          0.0520 o    OK      
     19     280        551.7979          0.0910 o    OK      
     20     280        552.4001          0.1754 o    OK      
     
      1     300        539.3975          0.0000 *    OK      
      2     300        540.8349          0.0000 *    OK      
      3     300        541.2834          0.0000 *    OK      
      4     300        541.5055          0.0000 *    OK      
      5     300        543.3667          0.0000 *    OK      
      6     300        544.6106          0.0000 *    OK      
      7     300        545.3833          0.0000 *    OK      
      8     300        545.5435          0.0000 *    OK      
      9     300        546.6985          0.0001 *    OK      
     10     300        547.2390          0.0003 *    OK      
     11     300        547.4593          0.0004 *    OK      
     12     300        547.4838          0.0010 *    OK      
     13     300        548.3419          0.0004 *    OK      
     14     300        549.4440          0.0032 *    OK      
     15     300        549.4794          0.0027 *    OK      
     16     300        550.0384          0.0056 *    OK      
     17     300        550.3500          0.0129 *    OK      
     18     300        551.4144          0.0381 o    OK      
     19     300        551.7978          0.0662 o    OK      
     20     300        552.3993          0.1555 o    OK      
     
      1     320        539.3975          0.0000 *    OK      
      2     320        540.8349          0.0000 *    OK      
      3     320        541.2834          0.0000 *    OK      
      4     320        541.5055          0.0000 *    OK      
      5     320        543.3667          0.0000 *    OK      
      6     320        544.6106          0.0000 *    OK      
      7     320        545.3833          0.0000 *    OK      
      8     320        545.5435          0.0000 *    OK      
      9     320        546.6985          0.0001 *    OK      
     10     320        547.2390          0.0001 *    OK      
     11     320        547.4593          0.0002 *    OK      
     12     320        547.4838          0.0005 *    OK      
     13     320        548.3419          0.0002 *    OK      
     14     320        549.4440          0.0020 *    OK      
     15     320        549.4794          0.0017 *    OK      
     16     320        550.0384          0.0036 *    OK      
     17     320        550.3500          0.0083 *    OK      
     18     320        551.4144          0.0275 o    OK      
     19     320        551.7977          0.0485 o    OK      
     20     320        552.3987          0.1409 o    OK      
     
      1     340        539.3975          0.0000 *    OK      
      2     340        540.8349          0.0000 *    OK      
      3     340        541.2834          0.0000 *    OK      
      4     340        541.5055          0.0000 *    OK      
      5     340        543.3667          0.0000 *    OK      
      6     340        544.6106          0.0000 *    OK      
      7     340        545.3833          0.0000 *    OK      
      8     340        545.5435          0.0000 *    OK      
      9     340        546.6985          0.0000 *    OK      
     10     340        547.2390          0.0001 *    OK      
     11     340        547.4593          0.0001 *    OK      
     12     340        547.4838          0.0003 *    OK      
     13     340        548.3419          0.0001 *    OK      
     14     340        549.4440          0.0012 *    OK      
     15     340        549.4794          0.0011 *    OK      
     16     340        550.0384          0.0024 *    OK      
     17     340        550.3500          0.0052 *    OK      
     18     340        551.4143          0.0200 *    OK      
     19     340        551.7976          0.0347 o    OK      
     20     340        552.3982          0.1269 o    OK      
     
      1     360        539.3975          0.0000 *    OK      
      2     360        540.8349          0.0000 *    OK      
      3     360        541.2834          0.0000 *    OK      
      4     360        541.5055          0.0000 *    OK      
      5     360        543.3667          0.0000 *    OK      
      6     360        544.6106          0.0000 *    OK      
      7     360        545.3833          0.0000 *    OK      
      8     360        545.5435          0.0000 *    OK      
      9     360        546.6985          0.0000 *    OK      
     10     360        547.2390          0.0001 *    OK      
     11     360        547.4593          0.0001 *    OK      
     12     360        547.4838          0.0002 *    OK      
     13     360        548.3419          0.0001 *    OK      
     14     360        549.4440          0.0008 *    OK      
     15     360        549.4794          0.0007 *    OK      
     16     360        550.0384          0.0015 *    OK      
     17     360        550.3500          0.0034 *    OK      
     18     360        551.4143          0.0141 *    OK      
     19     360        551.7976          0.0235 *    OK      
     20     360        552.3978          0.1079 o    OK      
     
      1     380        539.3975          0.0000 *    OK      
      2     380        540.8349          0.0000 *    OK      
      3     380        541.2834          0.0000 *    OK      
      4     380        541.5055          0.0000 *    OK      
      5     380        543.3667          0.0000 *    OK      
      6     380        544.6106          0.0000 *    OK      
      7     380        545.3833          0.0000 *    OK      
      8     380        545.5435          0.0000 *    OK      
      9     380        546.6985          0.0000 *    OK      
     10     380        547.2390          0.0000 *    OK      
     11     380        547.4593          0.0000 *    OK      
     12     380        547.4838          0.0001 *    OK      
     13     380        548.3419          0.0000 *    OK      
     14     380        549.4440          0.0005 *    OK      
     15     380        549.4794          0.0005 *    OK      
     16     380        550.0384          0.0010 *    OK      
     17     380        550.3500          0.0022 *    OK      
     18     380        551.4143          0.0092 *    OK      
     19     380        551.7976          0.0158 *    OK      
     20     380        552.3975          0.0832 o    OK      
     
 Davidson space exhausted.
 Generating new (orthogonalized) start vectors.
 For the next macroiteration.
 Leaving micro iteration loop.
 Saving restart information to dav_restart.0001
 Davidson restart file dav_restart.0001 generated.
   ****   MACRO iteration            3
 
 Orthogonality of the Davidson start vectors:
 Should be close to zero:   7.8159700933611020E-014
 
 (Re)initializing Krylov space of dim.:           20
 
 
   root    dim       energy(eV)       error (eV)     status
--------------------------------------------------------
      1      20        539.3975          0.0000 *    OK      
      2      20        540.8349          0.0000 *    OK      
      3      20        541.2834          0.0000 *    OK      
      4      20        541.5055          0.0000 *    OK      
      5      20        543.3667          0.0000 *    OK      
      6      20        544.6106          0.0000 *    OK      
      7      20        545.3833          0.0000 *    OK      
      8      20        545.5435          0.0000 *    OK      
      9      20        546.6985          0.0000 *    OK      
     10      20        547.2390          0.0000 *    OK      
     11      20        547.4593          0.0000 *    OK      
     12      20        547.4838          0.0001 *    OK      
     13      20        548.3419          0.0001 *    OK      
     14      20        549.4440          0.0006 *    OK      
     15      20        549.4794          0.0005 *    OK      
     16      20        550.0384          0.0011 *    OK      
     17      20        550.3500          0.0026 *    OK      
     18      20        551.4143          0.0107 *    OK      
     19      20        551.7976          0.0182 *    OK      
     20      20        552.3975          0.0959 o    OK      
     
      1      40        539.3975          0.0000 *    OK      
      2      40        540.8349          0.0000 *    OK      
      3      40        541.2834          0.0000 *    OK      
      4      40        541.5055          0.0000 *    OK      
      5      40        543.3667          0.0000 *    OK      
      6      40        544.6106          0.0000 *    OK      
      7      40        545.3833          0.0000 *    OK      
      8      40        545.5435          0.0000 *    OK      
      9      40        546.6985          0.0000 *    OK      
     10      40        547.2390          0.0000 *    OK      
     11      40        547.4593          0.0000 *    OK      
     12      40        547.4838          0.0001 *    OK      
     13      40        548.3419          0.0000 *    OK      
     14      40        549.4440          0.0003 *    OK      
     15      40        549.4794          0.0003 *    OK      
     16      40        550.0384          0.0006 *    OK      
     17      40        550.3500          0.0014 *    OK      
     18      40        551.4143          0.0057 *    OK      
     19      40        551.7976          0.0102 *    OK      
     20      40        552.3974          0.0533 o    OK      
     
      1      60        539.3975          0.0000 *    OK      
      2      60        540.8349          0.0000 *    OK      
      3      60        541.2834          0.0000 *    OK      
      4      60        541.5055          0.0000 *    OK      
      5      60        543.3667          0.0000 *    OK      
      6      60        544.6106          0.0000 *    OK      
      7      60        545.3833          0.0000 *    OK      
      8      60        545.5435          0.0000 *    OK      
      9      60        546.6985          0.0000 *    OK      
     10      60        547.2390          0.0000 *    OK      
     11      60        547.4593          0.0000 *    OK      
     12      60        547.4838          0.0000 *    OK      
     13      60        548.3419          0.0000 *    OK      
     14      60        549.4440          0.0002 *    OK      
     15      60        549.4794          0.0002 *    OK      
     16      60        550.0384          0.0005 *    OK      
     17      60        550.3500          0.0011 *    OK      
     18      60        551.4143          0.0046 *    OK      
     19      60        551.7976          0.0088 *    OK      
     20      60        552.3973          0.0461 o    OK      
     
      1      80        539.3975          0.0000 *    OK      
      2      80        540.8349          0.0000 *    OK      
      3      80        541.2834          0.0000 *    OK      
      4      80        541.5055          0.0000 *    OK      
      5      80        543.3667          0.0000 *    OK      
      6      80        544.6106          0.0000 *    OK      
      7      80        545.3833          0.0000 *    OK      
      8      80        545.5435          0.0000 *    OK      
      9      80        546.6985          0.0000 *    OK      
     10      80        547.2390          0.0000 *    OK      
     11      80        547.4593          0.0000 *    OK      
     12      80        547.4838          0.0000 *    OK      
     13      80        548.3419          0.0000 *    OK      
     14      80        549.4440          0.0002 *    OK      
     15      80        549.4794          0.0002 *    OK      
     16      80        550.0384          0.0003 *    OK      
     17      80        550.3500          0.0008 *    OK      
     18      80        551.4143          0.0033 *    OK      
     19      80        551.7976          0.0066 *    OK      
     20      80        552.3973          0.0366 o    OK      
     
      1     100        539.3975          0.0000 *    OK      
      2     100        540.8349          0.0000 *    OK      
      3     100        541.2834          0.0000 *    OK      
      4     100        541.5055          0.0000 *    OK      
      5     100        543.3667          0.0000 *    OK      
      6     100        544.6106          0.0000 *    OK      
      7     100        545.3833          0.0000 *    OK      
      8     100        545.5435          0.0000 *    OK      
      9     100        546.6985          0.0000 *    OK      
     10     100        547.2390          0.0000 *    OK      
     11     100        547.4593          0.0000 *    OK      
     12     100        547.4838          0.0000 *    OK      
     13     100        548.3419          0.0000 *    OK      
     14     100        549.4440          0.0001 *    OK      
     15     100        549.4794          0.0001 *    OK      
     16     100        550.0384          0.0002 *    OK      
     17     100        550.3500          0.0005 *    OK      
     18     100        551.4143          0.0022 *    OK      
     19     100        551.7976          0.0047 *    OK      
     20     100        552.3972          0.0279 o    OK      
     
      1     120        539.3975          0.0000 *    OK      
      2     120        540.8349          0.0000 *    OK      
      3     120        541.2834          0.0000 *    OK      
      4     120        541.5055          0.0000 *    OK      
      5     120        543.3667          0.0000 *    OK      
      6     120        544.6106          0.0000 *    OK      
      7     120        545.3833          0.0000 *    OK      
      8     120        545.5435          0.0000 *    OK      
      9     120        546.6985          0.0000 *    OK      
     10     120        547.2390          0.0000 *    OK      
     11     120        547.4593          0.0000 *    OK      
     12     120        547.4838          0.0000 *    OK      
     13     120        548.3419          0.0000 *    OK      
     14     120        549.4440          0.0001 *    OK      
     15     120        549.4794          0.0001 *    OK      
     16     120        550.0384          0.0001 *    OK      
     17     120        550.3500          0.0004 *    OK      
     18     120        551.4143          0.0016 *    OK      
     19     120        551.7976          0.0035 *    OK      
     20     120        552.3972          0.0226 *    OK      
     
 All vectors converged. Leaving microiteration loop.
 Leaving Davidson macro iteration loop.
 All vectors converged to desired threshold
 Davidson vectors written to dav_vecs.0001
 **************************************************
 ***** U L T I M A 2
 *****
 ***** analyzing vectors in symmetry             1
 *****
 **************************************************


Threshold values for eig. printing

    vsm:  0.00000000  for minimum square sum of 1h coeff.

    vsc:  0.01000000  for minimum square coeff. of other conf. printed


 
 Vector length for CTA processing:         2090
 
 CTA file name:wfile01
 
         1)  539.3975  32.5
 %     1h core  1  32.489
 %   2h1p core  1  52.203  (  20.432  31.771)
 %   3h2p core  1  15.309  (   1.992   5.268   3.471   1.079   3.498)
 %     1h total    32.489
 %   2h1p total    52.203  (  20.432  31.771)
 %   3h2p total    15.309  (   1.992   5.268   3.471   1.079   3.498)
                      0.569988  1                       
                      0.403445  1 20   22 spin2         
                      0.318249  1 20   22 spin1         
                     -0.216205  1 20   24 spin2         
                     -0.174220  1 20   24 spin1         
                     -0.125791  1 21   22 spin2         
                     -0.102615  1 20   63 spin2         
                     -0.102022  1 21   22 spin1         
         2)  540.8349   0.0
 %     1h core  1   0.002
 %   2h1p core  1  76.466  (  74.229   2.237)
 %   3h2p core  1  23.532  (   2.243   7.750   5.928   7.331   0.280)
 %     1h total     0.002
 %   2h1p total    76.466  (  74.229   2.237)
 %   3h2p total    23.532  (   2.243   7.750   5.928   7.331   0.280)
                     -0.004719  1                       
                      0.708238  1 21   22 spin1         
                     -0.362524  1 21   24 spin1         
                      0.257587  1 20   22 spin1         
                     -0.134394  1 20   24 spin1         
                     -0.125837  1 21   63 spin1         
                      0.113859  1 21 15   22   22 spin2 
                      0.101182  1 21 15   24   22 spin2 
         3)  541.2834   0.0
 %     1h core  1   0.002
 %   2h1p core  1  75.008  (   2.316  72.693)
 %   3h2p core  1  24.989  (  12.156   1.867   0.972   1.208   8.786)
 %     1h total     0.002
 %   2h1p total    75.008  (   2.316  72.693)
 %   3h2p total    24.989  (  12.156   1.867   0.972   1.208   8.786)
                     -0.004615  1                       
                     -0.692710  1 21   22 spin2         
                      0.372176  1 21   24 spin2         
                     -0.261511  1 20   22 spin2         
                      0.138078  1 20   24 spin2         
                      0.130249  1 21 15   22   22 spin1 
                     -0.117953  1 21 15   24   22 spin1 
                      0.105844  1 21   22 spin1         
                      0.100752  1 21   63 spin2         
         4)  541.5055   0.5
 %     1h core  1   0.546
 %   2h1p core  1  75.022  (  54.476  20.546)
 %   3h2p core  1  24.432  (  10.493   2.238   2.093   7.088   2.519)
 %     1h total     0.546
 %   2h1p total    75.022  (  54.476  20.546)
 %   3h2p total    24.432  (  10.493   2.238   2.093   7.088   2.519)
                     -0.073896  1                       
                      0.574163  1 20   22 spin1         
                     -0.354291  1 20   22 spin2         
                     -0.284678  1 20   24 spin1         
                     -0.228947  1 21   22 spin1         
                      0.177014  1 21   22 spin2         
                      0.168433  1 20   24 spin2         
                      0.161445  1 18   22 spin1         
                      0.127548  1 20 15   22   22 spin1 
                      0.124702  1 15   22 spin1         
                     -0.108280  1 20 15   24   22 spin1 
                      0.102362  1 21   24 spin1         
         5)  543.3667  14.4
 %     1h core  1  14.350
 %   2h1p core  1  65.453  (  19.511  45.942)
 %   3h2p core  1  20.197  (   4.366   5.064   4.147   1.078   5.541)
 %     1h total    14.350
 %   2h1p total    65.453  (  19.511  45.942)
 %   3h2p total    20.197  (   4.366   5.064   4.147   1.078   5.541)
                     -0.378819  1                       
                      0.371521  1 18   22 spin2         
                      0.366656  1 20   22 spin2         
                      0.304905  1 18   22 spin1         
                     -0.250098  1 20   24 spin2         
                     -0.194351  1 18   24 spin2         
                     -0.168026  1 18   24 spin1         
                      0.155229  1 20   22 spin1         
                     -0.118536  1 21   22 spin2         
                     -0.110141  1 20   24 spin1         
         6)  544.6106   0.9
 %     1h core  1   0.907
 %   2h1p core  1  73.614  (  59.795  13.819)
 %   3h2p core  1  25.479  (   8.467   3.718   2.917   8.371   2.006)
 %     1h total     0.907
 %   2h1p total    73.614  (  59.795  13.819)
 %   3h2p total    25.479  (   8.467   3.718   2.917   8.371   2.006)
                      0.095213  1                       
                      0.530967  1 18   22 spin1         
                      0.300870  1 21   23 spin1         
                     -0.299280  1 15   22 spin1         
                     -0.277927  1 18   22 spin2         
                     -0.258247  1 18   24 spin1         
                      0.164099  1 15   24 spin1         
                     -0.156228  1 21   23 spin2         
                      0.126024  1 18   24 spin2         
                      0.125857  1 20   23 spin1         
                      0.116084  1 18 15   22   22 spin1 
                     -0.104639  1 18 15   24   22 spin1 
         7)  545.3833   2.0
 %     1h core  1   2.043
 %   2h1p core  1  71.495  (  53.306  18.189)
 %   3h2p core  1  26.462  (   6.707   3.751   4.162   8.503   3.339)
 %     1h total     2.043
 %   2h1p total    71.495  (  53.306  18.189)
 %   3h2p total    26.462  (   6.707   3.751   4.162   8.503   3.339)
                     -0.142933  1                       
                      0.457928  1 21   23 spin1         
                     -0.290282  1 18   22 spin1         
                     -0.281897  1 21   23 spin2         
                     -0.246360  1 20   24 spin1         
                      0.227116  1 20   23 spin1         
                      0.181441  1 15   22 spin1         
                      0.170963  1 21   24 spin1         
                     -0.139369  1 15   24 spin1         
                      0.131428  1 18   30 spin1         
                      0.128396  1 18   24 spin2         
                      0.127013  1 15   22 spin2         
                     -0.123930  1 20   23 spin2         
                      0.121694  1 20   22 spin2         
         8)  545.5435   5.5
 %     1h core  1   5.515
 %   2h1p core  1  70.445  (  12.207  58.238)
 %   3h2p core  1  24.040  (   9.305   3.080   2.558   1.930   7.168)
 %     1h total     5.515
 %   2h1p total    70.445  (  12.207  58.238)
 %   3h2p total    24.040  (   9.305   3.080   2.558   1.930   7.168)
                     -0.234837  1                       
                     -0.496741  1 18   22 spin2         
                      0.340131  1 15   22 spin2         
                      0.233177  1 18   24 spin2         
                     -0.206916  1 15   24 spin2         
                     -0.205209  1 21   23 spin1         
                     -0.197053  1 20   24 spin2         
                      0.118335  1 15   22 spin1         
                      0.114218  1 20   22 spin2         
                      0.107844  1 20   22 spin1         
         9)  546.6985   0.0
 %     1h core  1   0.000
 %   2h1p core  1  70.454  (  52.861  17.593)
 %   3h2p core  1  29.546  (   9.075   2.706   3.141  10.797   3.827)
 %     1h total     0.000
 %   2h1p total    70.454  (  52.861  17.593)
 %   3h2p total    29.546  (   9.075   2.706   3.141  10.797   3.827)
                      0.001611  1                       
                     -0.572043  1 21   24 spin1         
                      0.330640  1 21   24 spin2         
                     -0.281499  1 21   22 spin1         
                      0.210266  1 20   23 spin1         
                     -0.178479  1 20   24 spin1         
                      0.155539  1 21   22 spin2         
                     -0.143137  1 21   30 spin1         
                     -0.128219  1 20   23 spin2         
                      0.110674  1 21 20   22   22 spin1 
                      0.103363  1 20   24 spin2         
                      0.101577  1 21 15   24   22 spin4 
        10)  547.2390   0.0
 %     1h core  1   0.000
 %   2h1p core  1  71.696  (  52.285  19.411)
 %   3h2p core  1  28.304  (   8.451   3.047   3.081   9.828   3.897)
 %     1h total     0.000
 %   2h1p total    71.696  (  52.285  19.411)
 %   3h2p total    28.304  (   8.451   3.047   3.081   9.828   3.897)
                      0.000862  1                       
                      0.411036  1 20   24 spin1         
                      0.352710  1 21   23 spin1         
                      0.269139  1 18   24 spin1         
                     -0.237997  1 20   24 spin2         
                      0.231407  1 20   22 spin1         
                     -0.211840  1 21   23 spin2         
                     -0.174590  1 18   23 spin1         
                     -0.163972  1 18   24 spin2         
                     -0.150625  1 20   23 spin1         
                     -0.134930  1 21   24 spin1         
                     -0.132152  1 20   22 spin2         
                      0.108220  1 20   23 spin2         
                      0.107682  1 18   23 spin2         
                      0.103924  1 21   24 spin2         
        11)  547.4593   0.0
 %     1h core  1   0.007
 %   2h1p core  1  70.876  (   9.840  61.035)
 %   3h2p core  1  29.118  (   8.187   3.739   3.242   1.652  12.297)
 %     1h total     0.007
 %   2h1p total    70.876  (   9.840  61.035)
 %   3h2p total    29.118  (   8.187   3.739   3.242   1.652  12.297)
                      0.008247  1                       
                      0.392287  1 21   24 spin2         
                      0.387234  1 20   23 spin2         
                      0.287810  1 20   24 spin2         
                     -0.234632  1 21   23 spin2         
                      0.228916  1 18   23 spin2         
                      0.215784  1 21   22 spin2         
                      0.191332  1 21   24 spin1         
                      0.165271  1 21   30 spin2         
                      0.153304  1 20   22 spin2         
                      0.120475  1 21   22 spin1         
                     -0.114636  1 18   23 spin1         
                     -0.102142  1 20   23 spin1         
        12)  547.4838   0.0
 %     1h core  1   0.003
 %   2h1p core  1  71.255  (  61.397   9.858)
 %   3h2p core  1  28.743  (   4.933   5.379   7.124   9.221   2.087)
 %     1h total     0.003
 %   2h1p total    71.255  (  61.397   9.858)
 %   3h2p total    28.743  (   4.933   5.379   7.124   9.221   2.087)
                     -0.005067  1                       
                     -0.477598  1 20   23 spin1         
                     -0.357893  1 18   23 spin1         
                     -0.287174  1 20   24 spin1         
                     -0.219713  1 21   24 spin2         
                     -0.204285  1 21   30 spin1         
                     -0.182726  1 21   24 spin1         
                      0.164563  1 21   23 spin1         
                     -0.155956  1 20   22 spin1         
                     -0.135598  1 21   22 spin2         
                     -0.128967  1 18   24 spin1         
                     -0.127632  1 20   30 spin1         
        13)  548.3420   0.1
 %     1h core  1   0.081
 %   2h1p core  1  70.789  (  18.108  52.681)
 %   3h2p core  1  29.130  (   5.260   4.508   6.964   1.508  10.891)
 %     1h total     0.081
 %   2h1p total    70.789  (  18.108  52.681)
 %   3h2p total    29.130  (   5.260   4.508   6.964   1.508  10.891)
                      0.028452  1                       
                     -0.520631  1 21   23 spin2         
                     -0.297567  1 21   23 spin1         
                     -0.286370  1 20   23 spin2         
                      0.240647  1 20   24 spin2         
                     -0.193130  1 21   24 spin2         
                     -0.166168  1 20   23 spin1         
                      0.150068  1 18   24 spin2         
                      0.147416  1 20   24 spin1         
                      0.134886  1 20   22 spin2         
                     -0.111365  1 21   22 spin2         
                     -0.110694  1 21   24 spin1         
                      0.101313  1 18   24 spin1         
        14)  549.4440   0.2
 %     1h core  1   0.249
 %   2h1p core  1  70.206  (  18.131  52.075)
 %   3h2p core  1  29.545  (   6.338   4.140   6.755   1.586  10.726)
 %     1h total     0.249
 %   2h1p total    70.206  (  18.131  52.075)
 %   3h2p total    29.545  (   6.338   4.140   6.755   1.586  10.726)
                     -0.049918  1                       
                      0.358887  1 21   23 spin2         
                      0.310989  1 20   24 spin2         
                     -0.297253  1 20   23 spin2         
                     -0.243256  1 18   23 spin2         
                      0.215956  1 20   22 spin2         
                      0.204690  1 21   23 spin1         
                      0.184766  1 20   24 spin1         
                     -0.167357  1 20   23 spin1         
                     -0.155400  1 18   23 spin1         
                      0.143961  1 21   24 spin2         
                      0.124496  1 20   22 spin1         
                      0.122373  1 18   24 spin2         
                      0.121578  1 20   30 spin2         
                      0.115115  1 20 20   22   22       
                      0.107552  1 21   22 spin2         
        15)  549.4794   0.1
 %     1h core  1   0.146
 %   2h1p core  1  70.460  (  18.004  52.456)
 %   3h2p core  1  29.394  (   5.168   5.259   6.724   1.553  10.690)
 %     1h total     0.146
 %   2h1p total    70.460  (  18.004  52.456)
 %   3h2p total    29.394  (   5.168   5.259   6.724   1.553  10.690)
                     -0.038173  1                       
                      0.410397  1 20   23 spin2         
                     -0.268491  1 21   24 spin2         
                      0.257237  1 20   24 spin2         
                      0.230709  1 20   23 spin1         
                     -0.190948  1 21   22 spin2         
                      0.188094  1 18   24 spin2         
                      0.171282  1 18   23 spin2         
                      0.164919  1 20   22 spin2         
                      0.163084  1 21   23 spin2         
                     -0.159053  1 21   24 spin1         
                      0.146987  1 20   24 spin1         
                      0.127253  1 18   22 spin2         
                      0.125914  1 18   24 spin1         
                     -0.112055  1 21   22 spin1         
                     -0.110318  1 21   30 spin2         
                      0.107766  1 18   23 spin1         
        16)  550.0384   0.0
 %     1h core  1   0.001
 %   2h1p core  1  71.222  (  52.513  18.709)
 %   3h2p core  1  28.777  (   7.989   3.742   4.757   8.419   3.870)
 %     1h total     0.001
 %   2h1p total    71.222  (  52.513  18.709)
 %   3h2p total    28.777  (   7.989   3.742   4.757   8.419   3.870)
                      0.002769  1                       
                      0.427934  1 18   24 spin1         
                     -0.343526  1 20   30 spin1         
                     -0.272537  1 18   24 spin2         
                     -0.255752  1 15   24 spin1         
                      0.219308  1 18   22 spin1         
                      0.196886  1 20   30 spin2         
                      0.151444  1 15   24 spin2         
                     -0.137094  1 15   30 spin1         
                     -0.136438  1 18   22 spin2         
                     -0.135350  1 15   22 spin1         
                      0.132903  1 21   30 spin1         
                     -0.117219  1 20   22 spin1         
        17)  550.3500   0.0
 %     1h core  1   0.000
 %   2h1p core  1  70.672  (  52.865  17.807)
 %   3h2p core  1  29.328  (   8.120   3.488   3.870  10.127   3.723)
 %     1h total     0.000
 %   2h1p total    70.672  (  52.865  17.807)
 %   3h2p total    29.328  (   8.120   3.488   3.870  10.127   3.723)
                     -0.000147  1                       
                      0.413412  1 21   30 spin1         
                     -0.356467  1 20   23 spin1         
                      0.272155  1 18   23 spin1         
                     -0.253215  1 15   23 spin1         
                     -0.236786  1 21   30 spin2         
                      0.192275  1 20   23 spin2         
                     -0.183208  1 18   23 spin2         
                      0.155984  1 21   23 spin1         
                      0.143786  1 15   23 spin2         
                      0.128349  1 20   30 spin1         
                     -0.116014  1 21   24 spin1         
                     -0.113380  1 20   24 spin1         
        18)  551.4143   0.0
 %     1h core  1   0.001
 %   2h1p core  1  72.724  (  39.420  33.304)
 %   3h2p core  1  27.275  (   6.783   4.197   2.090   9.602   4.602)
 %     1h total     0.001
 %   2h1p total    72.724  (  39.420  33.304)
 %   3h2p total    27.275  (   6.783   4.197   2.090   9.602   4.602)
                     -0.002917  1                       
                     -0.416848  1 15   22 spin1         
                      0.408141  1 15   22 spin2         
                     -0.289182  1 15   24 spin2         
                      0.285890  1 15   24 spin1         
                     -0.186017  1 18   22 spin1         
                      0.173711  1 18   22 spin2         
                      0.158804  1 18   24 spin1         
                     -0.119060  1 18   24 spin2         
                      0.114517  1 15   63 spin1         
                      0.113998  1 20   22 spin1         
                     -0.107014  1 20   24 spin1         
        19)  551.7976   0.0
 %     1h core  1   0.007
 %   2h1p core  1  73.329  (  71.416   1.913)
 %   3h2p core  1  26.664  (   4.827   2.585  15.659   3.207   0.386)
 %     1h total     0.007
 %   2h1p total    73.329  (  71.416   1.913)
 %   3h2p total    26.664  (   4.827   2.585  15.659   3.207   0.386)
                     -0.008442  1                       
                      0.367039  1 19   34 spin1         
                      0.356737  1 19   36 spin1         
                     -0.228545  1 19   32 spin1         
                      0.215943  1 19   37 spin1         
                      0.169837  1 19   33 spin1         
                      0.165022  1 19   53 spin1         
                      0.144353  1 19   29 spin1         
                      0.115426  1 19   49 spin1         
                      0.114148  1 14   34 spin1         
                      0.108786  1 14   36 spin1         
                      0.108562  1 16   34 spin1         
        20)  552.3972   0.1
 %     1h core  1   0.055
 %   2h1p core  1  68.962  (  19.860  49.103)
 %   3h2p core  1  30.983  (   6.285   6.201   6.635   1.831  10.031)
 %     1h total     0.055
 %   2h1p total    68.962  (  19.860  49.103)
 %   3h2p total    30.983  (   6.285   6.201   6.635   1.831  10.031)
                      0.023425  1                       
                      0.432598  1 18   24 spin2         
                      0.246914  1 18   22 spin2         
                     -0.246046  1 15   24 spin2         
                      0.241736  1 18   24 spin1         
                     -0.160422  1 20   24 spin2         
                     -0.159805  1 15   22 spin2         
                     -0.155143  1 18   23 spin2         
                     -0.153907  1 15   24 spin1         
                      0.143672  1 18   22 spin1         
                      0.139672  1 18   30 spin2         
                     -0.123497  1 20   22 spin2         
                     -0.112262  1 20 20   22   22       
 
           20  vectors written to CTA file.
 
