 
 
         *******************************************
         ***    ADC4  Core hole program          ***
         ***    PART II (Direct diagonalizing)   ***
         ***    Reworked in January 2015         ***
         *******************************************

gamess dumpfile (dfile) resides on dfile at block         1

two-electron mo integral file on vfile at block         1

number of active orbitals: 102

number of occupied orbitals:  21
number of virtual  orbitals:  81

number of symmetry species:   2

number of core orbitals:   1

problem symmetry:          1

symmetry numbering scheme:
                                 1    2    3    4    5    6    7    8
                               ---------------------------------------
                         Cs     a'   a"
                         Ci     ag   au
                         C2      a    b
                         D2      a   b1   b2   b3
                         C2v    a1   a2   b1   b2
                         C2h    ag   bg   au   bu
                         D2h    ag  b1g  b2g  b3g   au  b1u  b2u  b3u

active orbital symmetries:
   1   1   1   1   1   1   1   1   1   1   1   1   1   1   1   1   1   2   2   2
   2   1   1   1   1   1   1   1   1   1   1   1   1   1   1   1   1   1   1   1
   1   1   1   1   1   1   1   1   1   1   1   1   1   1   1   1   1   1   1   1
   1   1   1   1   1   1   1   1   1   1   1   1   1   1   1   1   1   1   1   1
   1   2   2   2   2   2   2   2   2   2   2   2   2   2   2   2   2   2   2   2
   2   2

number of   1h    configurations:      1
number of  2h1p   configurations:   1044
number of 3h2p[A] configurations:   1620
              [B]                  39600
              [C]                  10206
              [D]                 330120


matrix dimension:1753921


The matrix constructor will require 33.0Mb


 Qarr allocation size (Mb):      33247352
 unit number by ftopen_mp:             3
 
 
 number of words to be written:                   4145119
 number of corresponding bytes to be written:      33160952
 Entering gqfecris with            0
++ low level file information: opened file FT22F001.ADC
++ low level file information: opened file FT23F001.ADC
++ low level file information: opened file FT24F001.ADC
 Leaving gqfecris with           23
 
 
 *************************************************
 DAVIDSON DIAGONALIZER -- M.Pernpointner 2013-2015
 ADC4 callback interface introduced:     Jan. 2015
 Restart option introduced:              Jan. 2015
 *************************************************
 
  ------ Matrix parameters -----------
 
 Matrix signature (symmetry):      0001
 ADC matrix dimension:                   1753921
 Size of main space:                           1
 Size of sat space:                      1753920
 
  ------ Davidson parameters -----------
 
 Number of Davidson roots:                 20
 Maximum Davidson subspace:               400
 Number of Macro iterations:               30
 Eigenvalue convergence up to:       0.10E-02
 Provided max. memory in words:    1100719844
 User asks for a restart.
 
 Actual memory usage by Davidson:                749734544  real*8 words
 
 Looking for restart vectors in dav_restart.0001
 Restart file not found.
 Continuing as a new run.
 
 Initializing Callback interface
 
   ****   MACRO iteration            1
 
 Orthogonality of the Davidson start vectors:
 Should be close to zero:    0.000000000000000     
 
 (Re)initializing Krylov space of dim.:           20
 
 
   root    dim       energy(eV)       error (eV)     status
--------------------------------------------------------
      1      20        426.3190         27.2097 o    OK      
      2      20        475.9837         37.5943 o PX OK      
      3      20        477.9943         39.1831 o PX OK      
      4      20        481.4631         40.4867 o PX OK      
      5      20        482.5090         40.3410 o PX OK      
      6      20        484.8593         41.1951 o PX OK      
      7      20        485.7769         41.2778 o PX OK      
      8      20        485.9549         40.8215 o PX OK      
      9      20        486.9865         40.8494 o PX OK      
     10      20        488.2401         41.7990 o PX OK      
     11      20        489.0092         41.1966 o PX OK      
     12      20        489.1086         41.8110 o PX OK      
     13      20        489.6644         41.3720 o PX OK      
     14      20        489.7667         41.7697 o PX OK      
     15      20        490.7660         41.7502 o PX OK      
     16      20        490.8965         41.3233 o PX OK      
     17      20        491.6696         42.0097 o PX OK      
     18      20        491.7854         41.3667 o PX OK      
     19      20        492.7979         41.5696 o PX OK      
     20      20        493.9338         41.6465 o PX OK      
     
      1      40        414.5668         19.0772 o    OK      
      2      40        464.6542         41.9352 o PX OK      
      3      40        473.9303         27.8870 o PX OK      
      4      40        476.5216         28.8494 o PX OK      
      5      40        478.2152         29.6581 o PX OK      
      6      40        478.9243         29.5947 o PX OK      
      7      40        479.2857         30.1184 o PX OK      
      8      40        480.4389         30.6024 o PX OK      
      9      40        483.2227         30.5393 o PX OK      
     10      40        483.4970         30.7962 o PX OK      
     11      40        484.1616         31.2932 o PX OK      
     12      40        484.6080         29.2030 o PX OK      
     13      40        484.8173         30.6991 o PX OK      
     14      40        485.6618         29.7875 o PX OK      
     15      40        486.1222         33.1242 o PX OK      
     16      40        486.5583         30.6049 o PX OK      
     17      40        487.1653         31.8541 o PX OK      
     18      40        487.2769         32.6683 o PX OK      
     19      40        487.5864         30.8774 o PX OK      
     20      40        487.9298         30.5401 o PX OK      
     
      1      60        410.1930          9.7182 o    OK      
      2      60        455.6381         32.5574 o PX OK      
      3      60        464.5873         33.7342 o PX OK      
      4      60        473.4193         24.3608 o PX OK      
      5      60        474.2484         20.9603 o PX OK      
      6      60        475.3032         24.9082 o PX OK      
      7      60        477.3364         22.2211 o PX OK      
      8      60        477.5308         23.3717 o PX OK      
      9      60        477.5886         21.0432 o PX OK      
     10      60        478.5568         25.9816 o PX OK      
     11      60        478.6360         23.1624 o PX OK      
     12      60        478.9715         25.1254 o PX OK      
     13      60        480.0335         26.2024 o PX OK      
     14      60        480.1072         23.1863 o PX OK      
     15      60        481.7334         20.0373 o PX OK      
     16      60        482.3264         23.4425 o PX OK      
     17      60        482.8168         24.7598 o PX OK      
     18      60        483.1318         25.4406 o PX OK      
     19      60        483.6581         24.8431 o PX OK      
     20      60        483.9159         22.6300 o PX OK      
     
      1      80        409.0754          4.0985 o    OK      
      2      80        444.2679         26.2320 o PX OK      
      3      80        455.6225         20.4032 o PX OK      
      4      80        463.4913         29.2995 o PX OK      
      5      80        466.2385         30.2855 o PX OK      
      6      80        472.7005         17.0589 o PX OK      
      7      80        473.2469         25.5931 o PX OK      
      8      80        473.6159         15.1747 o PX OK      
      9      80        473.7202         22.3034 o PX OK      
     10      80        474.8373         18.0704 o PX OK      
     11      80        476.1399         17.0131 o PX OK      
     12      80        476.4121         20.6869 o PX OK      
     13      80        476.9552         20.2434 o PX OK      
     14      80        477.2997         20.0265 o PX OK      
     15      80        477.4212         19.9099 o PX OK      
     16      80        477.8814         22.7983 o PX OK      
     17      80        477.9748         18.8437 o PX OK      
     18      80        478.2371         16.9517 o PX OK      
     19      80        478.4050         17.0806 o PX OK      
     20      80        478.7033         22.4803 o PX OK      
     
      1     100        408.8129          2.9378 o    OK      
      2     100        434.4137         27.9765 o PX OK      
      3     100        444.3109         26.0456 o PX OK      
      4     100        455.2207         20.2012 o PX OK      
      5     100        456.1021         19.5634 o PX OK      
      6     100        462.8088         27.1920 o PX OK      
      7     100        464.2738         26.9531 o PX OK      
      8     100        465.9731         24.8692 o PX OK      
      9     100        466.1948         29.3735 o PX OK      
     10     100        471.1442         38.3267 o PX OK      
     11     100        471.6271         20.5462 o PX OK      
     12     100        472.5814         22.0094 o PX OK      
     13     100        472.8060         19.3430 o PX OK      
     14     100        473.3439         16.8454 o PX OK      
     15     100        473.3773         15.6173 o PX OK      
     16     100        473.8194         15.6891 o PX OK      
     17     100        474.1752         15.9211 o PX OK      
     18     100        474.7003         18.6076 o PX OK      
     19     100        474.7288         20.0185 o PX OK      
     20     100        475.3319         16.6629 o PX OK      
     
      1     120        408.6206          2.2836 o    OK      
      2     120        421.8117         19.5566 o    OK      
      3     120        434.7117         26.3825 o PX OK      
      4     120        441.5115         19.8432 o PX OK      
      5     120        447.1736         22.4366 o PX OK      
      6     120        452.9044         19.9843 o PX OK      
      7     120        455.2915         22.8389 o PX OK      
      8     120        456.2891         22.1682 o PX OK      
      9     120        457.1433         26.5455 o PX OK      
     10     120        457.9942         25.7606 o PX OK      
     11     120        460.4864         25.0007 o PX OK      
     12     120        462.9229         21.7346 o PX OK      
     13     120        464.5787         22.8946 o PX OK      
     14     120        464.9829         25.2131 o PX OK      
     15     120        465.7095         22.7971 o PX OK      
     16     120        466.0811         23.6829 o PX OK      
     17     120        466.3768         27.4222 o PX OK      
     18     120        467.5111         29.8736 o PX OK      
     19     120        470.4036         17.2821 o PX OK      
     20     120        471.0527         18.0389 o PX OK      
     
      1     140        408.5197          1.8313 o    OK      
      2     140        415.6437         12.4101 o    OK      
      3     140        429.0634         15.9852 o    OK      
      4     140        439.0061         23.4826 o    OK      
      5     140        440.4056         19.9963 o PX OK      
      6     140        442.4633         20.2977 o    OK      
      7     140        443.2165         16.8381 o PX OK      
      8     140        446.2351         30.1715 o PX OK      
      9     140        451.4978         23.1528 o PX OK      
     10     140        451.8879         19.5689 o PX OK      
     11     140        453.2695         22.2015 o PX OK      
     12     140        453.8373         20.5470 o PX OK      
     13     140        454.6704         27.3754 o PX OK      
     14     140        455.5041         22.7651 o PX OK      
     15     140        456.2698         23.2855 o PX OK      
     16     140        456.8182         23.8441 o PX OK      
     17     140        457.3880         24.6177 o PX OK      
     18     140        458.2542         22.0618 o PX OK      
     19     140        458.7353         23.0008 o PX OK      
     20     140        459.0228         22.2813 o PX OK      
     
      1     160        408.4459          1.3641 o    OK      
      2     160        412.8606          7.4090 o    OK      
      3     160        427.2822         13.0601 o    OK      
      4     160        430.2696         22.0381 o PX OK      
      5     160        431.6020         19.7579 o    OK      
      6     160        435.7219         20.6450 o PX OK      
      7     160        436.9261         20.2725 o    OK      
      8     160        437.9303         23.8573 o    OK      
      9     160        440.4066         21.8526 o PX OK      
     10     160        442.0630         15.3007 o PX OK      
     11     160        444.2284         15.5578 o PX OK      
     12     160        444.8663         16.0834 o PX OK      
     13     160        446.1231         25.7268 o PX OK      
     14     160        447.3052         25.4195 o PX OK      
     15     160        448.7176         25.2753 o PX OK      
     16     160        450.9634         20.8710 o PX OK      
     17     160        451.1977         18.2149 o PX OK      
     18     160        451.5219         19.8089 o PX OK      
     19     160        451.6056         21.6623 o PX OK      
     20     160        452.1742         19.5087 o PX OK      
     
      1     180        408.4125          0.7896 o    OK      
      2     180        411.8702          4.2462 o    OK      
      3     180        419.1426         15.5695 o    OK      
      4     180        422.3044         12.6803 o    OK      
      5     180        425.0243         15.0417 o    OK      
      6     180        428.9685         23.5938 o    OK      
      7     180        432.6003         23.9755 o    OK      
      8     180        434.0238         16.8499 o    OK      
      9     180        435.1465         19.0806 o    OK      
     10     180        435.3121         20.1633 o    OK      
     11     180        437.4523         20.0533 o PX OK      
     12     180        437.9692         18.1365 o PX OK      
     13     180        438.8052         19.3313 o PX OK      
     14     180        439.8306         18.0202 o PX OK      
     15     180        440.0896         19.5448 o PX OK      
     16     180        440.5648         21.2346 o    OK      
     17     180        441.4655         19.2032 o PX OK      
     18     180        442.7552         18.4513 o PX OK      
     19     180        443.4564         19.0181 o PX OK      
     20     180        443.9414         15.7503 o PX OK      
     
      1     200        408.4019          0.4686 o    OK      
      2     200        411.5361          2.8380 o    OK      
      3     200        413.2527          9.2978 o    OK      
      4     200        418.3182         17.6036 o    OK      
      5     200        419.3023         12.8841 o    OK      
      6     200        419.8087          9.6230 o    OK      
      7     200        428.6876         16.0316 o    OK      
      8     200        429.7537         19.7174 o    OK      
      9     200        430.0425         15.5882 o    OK      
     10     200        430.6341         16.0408 o    OK      
     11     200        432.0666         16.2400 o    OK      
     12     200        433.4194         17.2846 o    OK      
     13     200        434.3955         17.7567 o PX OK      
     14     200        435.0061         15.8523 o PX OK      
     15     200        435.6701         16.0237 o    OK      
     16     200        435.9671         18.4000 o    OK      
     17     200        436.0672         16.4881 o    OK      
     18     200        437.1981         24.7717 o    OK      
     19     200        437.6816         15.6085 o PX OK      
     20     200        438.1011         17.9670 o PX OK      
     
      1     220        408.3968          0.3063 o    OK      
      2     220        411.0085          5.2946 o    OK      
      3     220        411.1556          5.6685 o    OK      
      4     220        411.8313          6.8473 o    OK      
      5     220        415.6106         11.1554 o    OK      
      6     220        416.6545         10.1147 o    OK      
      7     220        420.0173         14.4074 o    OK      
      8     220        423.1395         15.1489 o    OK      
      9     220        423.8592         12.3057 o    OK      
     10     220        425.0931         13.9744 o    OK      
     11     220        426.8298         16.0148 o    OK      
     12     220        426.9523         12.0454 o    OK      
     13     220        427.9063         12.2616 o    OK      
     14     220        429.4325         17.3224 o PX OK      
     15     220        429.5772         14.6454 o    OK      
     16     220        430.3731         13.1219 o    OK      
     17     220        430.7060         16.2898 o PX OK      
     18     220        431.7602         14.2250 o    OK      
     19     220        432.1528         19.7302 o    OK      
     20     220        432.4472         15.4744 o    OK      
     
      1     240        408.3940          0.2206 o    OK      
      2     240        409.9550          3.6185 o    OK      
      3     240        410.1656          3.7984 o    OK      
      4     240        411.0851          5.9338 o    OK      
      5     240        411.6185          4.3813 o    OK      
      6     240        414.4464          5.1556 o    OK      
      7     240        416.1545          8.6126 o    OK      
      8     240        416.8826          8.7334 o    OK      
      9     240        419.1466          6.6347 o    OK      
     10     240        419.8813          7.9152 o    OK      
     11     240        421.0010          6.7115 o    OK      
     12     240        421.9495          9.7551 o    OK      
     13     240        422.8829          6.1245 o    OK      
     14     240        423.4210         10.1218 o    OK      
     15     240        424.5371         10.1787 o    OK      
     16     240        425.6023         11.5265 o    OK      
     17     240        426.3991         10.7068 o    OK      
     18     240        426.8871         11.1627 o    OK      
     19     240        426.9195          9.9252 o    OK      
     20     240        427.3086         11.9407 o    OK      
     
      1     260        408.3930          0.1219 o    OK      
      2     260        409.6016          2.4913 o    OK      
      3     260        409.8116          2.0896 o    OK      
      4     260        410.2946          2.7845 o    OK      
      5     260        411.4615          0.8584 o    OK      
      6     260        413.6463          4.3191 o    OK      
      7     260        414.1297          3.6467 o    OK      
      8     260        415.8422          3.1895 o    OK      
      9     260        417.5840          6.4477 o    OK      
     10     260        418.2021          4.3444 o    OK      
     11     260        418.9164          5.6947 o    OK      
     12     260        419.1064          6.4673 o    OK      
     13     260        420.8010          6.4956 o    OK      
     14     260        421.0958          6.0270 o    OK      
     15     260        421.8803          6.5895 o    OK      
     16     260        421.9441          6.8685 o    OK      
     17     260        422.7073          7.2891 o    OK      
     18     260        423.3284          6.9653 o    OK      
     19     260        423.7740          5.9477 o    OK      
     20     260        424.7021          5.7585 o    OK      
     
      1     280        408.3927          0.0597 o    OK      
      2     280        409.4579          1.3789 o    OK      
      3     280        409.7235          1.0224 o    OK      
      4     280        410.1498          1.2087 o    OK      
      5     280        411.4471          0.4199 o    OK      
      6     280        413.1705          2.6313 o    OK      
      7     280        413.8681          1.7790 o    OK      
      8     280        415.4989          3.0992 o    OK      
      9     280        416.2450          4.4217 o    OK      
     10     280        417.6007          5.6856 o    OK      
     11     280        417.6692          4.4276 o    OK      
     12     280        417.8338          5.3627 o    OK      
     13     280        418.5498          6.3817 o    OK      
     14     280        419.8407          5.1642 o    OK      
     15     280        420.2432          5.3023 o    OK      
     16     280        420.6033          5.1658 o    OK      
     17     280        421.1105          6.1348 o    OK      
     18     280        421.6201          5.3109 o    OK      
     19     280        422.6250          4.8169 o    OK      
     20     280        423.5399          5.2118 o    OK      
     
      1     300        408.3926          0.0282 o    OK      
      2     300        409.4239          0.6261 o    OK      
      3     300        409.7049          0.4683 o    OK      
      4     300        410.1237          0.5675 o    OK      
      5     300        411.4437          0.2171 o    OK      
      6     300        413.0191          1.4016 o    OK      
      7     300        413.7948          1.0996 o    OK      
      8     300        415.1046          3.5837 o    OK      
      9     300        415.8010          2.6821 o    OK      
     10     300        416.3891          4.4102 o    OK      
     11     300        416.9661          3.7708 o    OK      
     12     300        417.4253          2.6779 o    OK      
     13     300        417.8350          3.3696 o    OK      
     14     300        419.1231          4.1529 o    OK      
     15     300        419.2645          4.7309 o    OK      
     16     300        419.4427          4.1988 o    OK      
     17     300        420.0556          4.1957 o    OK      
     18     300        420.8453          3.6898 o    OK      
     19     300        422.0074          3.9559 o    OK      
     20     300        422.2994          5.6524 o    OK      
     
      1     320        408.3926          0.0134 *    OK      
      2     320        409.4172          0.3029 o    OK      
      3     320        409.7012          0.2271 o    OK      
      4     320        410.1178          0.2853 o    OK      
      5     320        411.4428          0.1181 o    OK      
      6     320        412.9812          0.7727 o    OK      
      7     320        413.7633          0.7791 o    OK      
      8     320        414.6992          2.9973 o    OK      
      9     320        415.6301          1.6873 o    OK      
     10     320        416.0217          2.2204 o    OK      
     11     320        416.5971          2.6521 o    OK      
     12     320        417.2326          1.9586 o    OK      
     13     320        417.5273          2.3550 o    OK      
     14     320        418.5623          2.8470 o    OK      
     15     320        418.7541          3.8951 o    OK      
     16     320        419.0839          2.1703 o    OK      
     17     320        419.4761          4.1807 o    OK      
     18     320        420.4024          3.4856 o    OK      
     19     320        421.0031          5.9390 o    OK      
     20     320        421.4731          5.9420 o    OK      
     
      1     340        408.3926          0.0061 *    OK      
      2     340        409.4156          0.1502 o    OK      
      3     340        409.7003          0.1110 o    OK      
      4     340        410.1162          0.1370 o    OK      
      5     340        411.4425          0.0636 o    OK      
      6     340        412.9680          0.4667 o    OK      
      7     340        413.7488          0.5004 o    OK      
      8     340        414.4770          1.9268 o    OK      
      9     340        415.5540          1.2037 o    OK      
     10     340        415.9231          1.2084 o    OK      
     11     340        416.4241          1.8897 o    OK      
     12     340        417.1386          1.3112 o    OK      
     13     340        417.3790          1.7331 o    OK      
     14     340        417.7006          6.0301 o    OK      
     15     340        418.3904          1.5816 o    OK      
     16     340        418.8967          2.8585 o    OK      
     17     340        418.9733          1.5135 o    OK      
     18     340        419.7055          5.1487 o    OK      
     19     340        419.9184          3.8581 o    OK      
     20     340        420.4091          2.2260 o    OK      
     
      1     360        408.3926          0.0028 *    OK      
      2     360        409.4152          0.0739 o    OK      
      3     360        409.7000          0.0540 o    OK      
      4     360        410.1159          0.0672 o    OK      
      5     360        411.4424          0.0329 o    OK      
      6     360        412.9635          0.2745 o    OK      
      7     360        413.7436          0.2732 o    OK      
      8     360        414.3989          1.0573 o    OK      
      9     360        415.5215          0.7629 o    OK      
     10     360        415.8926          0.6775 o    OK      
     11     360        416.3297          1.4009 o    OK      
     12     360        416.8315          3.6738 o    OK      
     13     360        417.1013          0.7942 o    OK      
     14     360        417.3069          1.2245 o    OK      
     15     360        418.3354          0.9664 o    OK      
     16     360        418.7297          1.5868 o    OK      
     17     360        418.8687          2.4012 o    OK      
     18     360        419.0796          2.8622 o    OK      
     19     360        419.7065          1.5322 o    OK      
     20     360        420.2172          3.9106 o    OK      
     
      1     380        408.3926          0.0012 *    OK      
      2     380        409.4151          0.0340 o    OK      
      3     380        409.7000          0.0248 *    OK      
      4     380        410.1158          0.0322 o    OK      
      5     380        411.4424          0.0163 *    OK      
      6     380        412.9619          0.1495 o    OK      
      7     380        413.7421          0.1459 o    OK      
      8     380        414.3768          0.5424 o    OK      
      9     380        415.5088          0.4562 o    OK      
     10     380        415.8830          0.3815 o    OK      
     11     380        416.2773          1.0170 o    OK      
     12     380        416.5446          2.0396 o    OK      
     13     380        417.0875          0.5036 o    OK      
     14     380        417.2679          0.8638 o    OK      
     15     380        418.3119          0.7212 o    OK      
     16     380        418.6079          2.4756 o    OK      
     17     380        418.6735          1.1666 o    OK      
     18     380        418.9722          0.9539 o    OK      
     19     380        419.4999          3.6517 o    OK      
     20     380        419.6637          1.1767 o    OK      
     
 Davidson space exhausted.
 Generating new (orthogonalized) start vectors.
 For the next macroiteration.
 Leaving micro iteration loop.
 Saving restart information to dav_restart.0001
 Davidson restart file dav_restart.0001 generated.
   ****   MACRO iteration            2
 
 Orthogonality of the Davidson start vectors:
 Should be close to zero:   6.8567374000849668E-013
 
 (Re)initializing Krylov space of dim.:           20
 
 
   root    dim       energy(eV)       error (eV)     status
--------------------------------------------------------
      1      20        408.3926          0.0015 *    OK      
      2      20        409.4151          0.0409 o    OK      
      3      20        409.7000          0.0298 o    OK      
      4      20        410.1158          0.0386 o    OK      
      5      20        411.4424          0.0196 *    OK      
      6      20        412.9620          0.1783 o    OK      
      7      20        413.7422          0.1726 o    OK      
      8      20        414.3783          0.6389 o    OK      
      9      20        415.5099          0.5320 o    OK      
     10      20        415.8838          0.4509 o    OK      
     11      20        416.2826          1.1714 o    OK      
     12      20        416.5663          2.4011 o    OK      
     13      20        417.0888          0.5959 o    OK      
     14      20        417.2717          0.9959 o    OK      
     15      20        418.3145          0.8249 o    OK      
     16      20        418.6384          2.7743 o    OK      
     17      20        418.6811          1.5034 o    OK      
     18      20        418.9772          1.1806 o    OK      
     19      20        419.5679          4.1926 o    OK      
     20      20        419.6728          1.8053 o    OK      
     
      1      40        408.3926          0.0007 *    OK      
      2      40        409.4151          0.0179 *    OK      
      3      40        409.7000          0.0137 *    OK      
      4      40        410.1158          0.0180 *    OK      
      5      40        411.4424          0.0093 *    OK      
      6      40        412.9616          0.0864 o    OK      
      7      40        413.7418          0.0867 o    OK      
      8      40        414.3727          0.3261 o    OK      
      9      40        415.5058          0.2857 o    OK      
     10      40        415.8810          0.2276 o    OK      
     11      40        416.2621          0.6452 o    OK      
     12      40        416.4864          1.2406 o    OK      
     13      40        417.0840          0.3112 o    OK      
     14      40        417.2566          0.5533 o    OK      
     15      40        418.3033          0.5154 o    OK      
     16      40        418.5158          1.6057 o    OK      
     17      40        418.6541          0.7021 o    OK      
     18      40        418.9608          0.5134 o    OK      
     19      40        419.3141          2.1905 o    OK      
     20      40        419.6482          0.5731 o    OK      
     
      1      60        408.3926          0.0004 *    OK      
      2      60        409.4151          0.0097 *    OK      
      3      60        409.7000          0.0078 *    OK      
      4      60        410.1158          0.0110 *    OK      
      5      60        411.4424          0.0059 *    OK      
      6      60        412.9614          0.0574 o    OK      
      7      60        413.7416          0.0573 o    OK      
      8      60        414.3701          0.2226 o    OK      
      9      60        415.5037          0.2108 o    OK      
     10      60        415.8797          0.1618 o    OK      
     11      60        416.2515          0.4635 o    OK      
     12      60        416.4471          0.8919 o    OK      
     13      60        417.0812          0.2586 o    OK      
     14      60        417.2481          0.4212 o    OK      
     15      60        418.2943          0.4917 o    OK      
     16      60        418.4461          1.2250 o    OK      
     17      60        418.6388          0.5993 o    OK      
     18      60        418.9535          0.3919 o    OK      
     19      60        419.1871          1.5942 o    OK      
     20      60        419.6392          0.4238 o    OK      
     
      1      80        408.3926          0.0002 *    OK      
      2      80        409.4151          0.0049 *    OK      
      3      80        409.7000          0.0041 *    OK      
      4      80        410.1158          0.0058 *    OK      
      5      80        411.4424          0.0034 *    OK      
      6      80        412.9614          0.0321 o    OK      
      7      80        413.7415          0.0333 o    OK      
      8      80        414.3690          0.1310 o    OK      
      9      80        415.5026          0.1351 o    OK      
     10      80        415.8791          0.1048 o    OK      
     11      80        416.2463          0.3080 o    OK      
     12      80        416.4287          0.5864 o    OK      
     13      80        417.0795          0.1959 o    OK      
     14      80        417.2435          0.2814 o    OK      
     15      80        418.2871          0.4046 o    OK      
     16      80        418.4077          0.8610 o    OK      
     17      80        418.6289          0.4687 o    OK      
     18      80        418.9492          0.3072 o    OK      
     19      80        419.1273          1.0866 o    OK      
     20      80        419.6342          0.3163 o    OK      
     
      1     100        408.3926          0.0001 *    OK      
      2     100        409.4151          0.0024 *    OK      
      3     100        409.7000          0.0022 *    OK      
      4     100        410.1158          0.0029 *    OK      
      5     100        411.4424          0.0020 *    OK      
      6     100        412.9614          0.0192 *    OK      
      7     100        413.7415          0.0187 *    OK      
      8     100        414.3687          0.0757 o    OK      
      9     100        415.5022          0.0890 o    OK      
     10     100        415.8789          0.0696 o    OK      
     11     100        416.2442          0.1969 o    OK      
     12     100        416.4211          0.3828 o    OK      
     13     100        417.0787          0.1395 o    OK      
     14     100        417.2417          0.1921 o    OK      
     15     100        418.2829          0.3238 o    OK      
     16     100        418.3905          0.6083 o    OK      
     17     100        418.6232          0.3891 o    OK      
     18     100        418.9468          0.2532 o    OK      
     19     100        419.0998          0.8335 o    OK      
     20     100        419.6315          0.2659 o    OK      
     
      1     120        408.3926          0.0000 *    OK      
      2     120        409.4151          0.0012 *    OK      
      3     120        409.7000          0.0011 *    OK      
      4     120        410.1158          0.0014 *    OK      
      5     120        411.4424          0.0011 *    OK      
      6     120        412.9614          0.0117 *    OK      
      7     120        413.7415          0.0111 *    OK      
      8     120        414.3686          0.0458 o    OK      
      9     120        415.5020          0.0558 o    OK      
     10     120        415.8788          0.0471 o    OK      
     11     120        416.2433          0.1294 o    OK      
     12     120        416.4175          0.2697 o    OK      
     13     120        417.0782          0.1031 o    OK      
     14     120        417.2408          0.1359 o    OK      
     15     120        418.2801          0.2582 o    OK      
     16     120        418.3817          0.4258 o    OK      
     17     120        418.6190          0.3213 o    OK      
     18     120        418.9449          0.2464 o    OK      
     19     120        419.0803          0.7632 o    OK      
     20     120        419.6276          0.5650 o    OK      
     
      1     140        408.3926          0.0000 *    OK      
      2     140        409.4151          0.0005 *    OK      
      3     140        409.7000          0.0006 *    OK      
      4     140        410.1158          0.0007 *    OK      
      5     140        411.4424          0.0006 *    OK      
      6     140        412.9614          0.0063 *    OK      
      7     140        413.7415          0.0062 *    OK      
      8     140        414.3685          0.0251 *    OK      
      9     140        415.5020          0.0318 o    OK      
     10     140        415.8787          0.0290 o    OK      
     11     140        416.2429          0.0842 o    OK      
     12     140        416.4159          0.1775 o    OK      
     13     140        417.0780          0.0719 o    OK      
     14     140        417.2404          0.0876 o    OK      
     15     140        418.2784          0.1835 o    OK      
     16     140        418.3773          0.2950 o    OK      
     17     140        418.6162          0.2545 o    OK      
     18     140        418.9428          0.2842 o    OK      
     19     140        419.0587          0.9283 o    OK      
     20     140        419.3503          3.1896 o    OK      
     
      1     160        408.3926          0.0000 *    OK      
      2     160        409.4151          0.0002 *    OK      
      3     160        409.7000          0.0003 *    OK      
      4     160        410.1158          0.0003 *    OK      
      5     160        411.4424          0.0003 *    OK      
      6     160        412.9614          0.0034 *    OK      
      7     160        413.7415          0.0033 *    OK      
      8     160        414.3685          0.0138 *    OK      
      9     160        415.5019          0.0191 *    OK      
     10     160        415.8787          0.0174 *    OK      
     11     160        416.2427          0.0527 o    OK      
     12     160        416.4152          0.1155 o    OK      
     13     160        417.0779          0.0487 o    OK      
     14     160        417.2402          0.0555 o    OK      
     15     160        418.2776          0.1294 o    OK      
     16     160        418.3752          0.2021 o    OK      
     17     160        418.6144          0.1971 o    OK      
     18     160        418.9385          0.5072 o    OK      
     19     160        419.0094          1.5199 o    OK      
     20     160        419.1395          1.7422 o    OK      
     
      1     180        408.3926          0.0000 *    OK      
      2     180        409.4151          0.0001 *    OK      
      3     180        409.7000          0.0001 *    OK      
      4     180        410.1158          0.0002 *    OK      
      5     180        411.4424          0.0001 *    OK      
      6     180        412.9614          0.0019 *    OK      
      7     180        413.7415          0.0018 *    OK      
      8     180        414.3685          0.0080 *    OK      
      9     180        415.5019          0.0117 *    OK      
     10     180        415.8787          0.0101 *    OK      
     11     180        416.2427          0.0339 o    OK      
     12     180        416.4148          0.0728 o    OK      
     13     180        417.0778          0.0314 o    OK      
     14     180        417.2401          0.0362 o    OK      
     15     180        418.2771          0.0947 o    OK      
     16     180        418.3740          0.1507 o    OK      
     17     180        418.6134          0.1386 o    OK      
     18     180        418.9036          1.3650 o    OK      
     19     180        418.9519          0.6744 o    OK      
     20     180        419.0733          1.3338 o    OK      
     
      1     200        408.3926          0.0000 *    OK      
      2     200        409.4151          0.0001 *    OK      
      3     200        409.7000          0.0001 *    OK      
      4     200        410.1158          0.0001 *    OK      
      5     200        411.4424          0.0001 *    OK      
      6     200        412.9614          0.0010 *    OK      
      7     200        413.7415          0.0009 *    OK      
      8     200        414.3685          0.0044 *    OK      
      9     200        415.5019          0.0069 *    OK      
     10     200        415.8787          0.0058 *    OK      
     11     200        416.2426          0.0201 *    OK      
     12     200        416.4147          0.0432 o    OK      
     13     200        417.0778          0.0204 *    OK      
     14     200        417.2401          0.0228 *    OK      
     15     200        418.2769          0.0657 o    OK      
     16     200        418.3735          0.1046 o    OK      
     17     200        418.6130          0.0926 o    OK      
     18     200        418.8468          1.1644 o    OK      
     19     200        418.9453          0.3312 o    OK      
     20     200        418.9965          1.4486 o    OK      
     
      1     220        408.3926          0.0000 *    OK      
      2     220        409.4151          0.0000 *    OK      
      3     220        409.7000          0.0000 *    OK      
      4     220        410.1158          0.0000 *    OK      
      5     220        411.4424          0.0000 *    OK      
      6     220        412.9614          0.0005 *    OK      
      7     220        413.7415          0.0005 *    OK      
      8     220        414.3685          0.0025 *    OK      
      9     220        415.5019          0.0043 *    OK      
     10     220        415.8787          0.0036 *    OK      
     11     220        416.2426          0.0127 *    OK      
     12     220        416.4147          0.0266 *    OK      
     13     220        417.0778          0.0129 *    OK      
     14     220        417.2401          0.0153 *    OK      
     15     220        418.2768          0.0522 o    OK      
     16     220        418.3732          0.0772 o    OK      
     17     220        418.6127          0.0697 o    OK      
     18     220        418.8064          1.0185 o    OK      
     19     220        418.9290          1.0586 o    OK      
     20     220        418.9487          0.5216 o    OK      
     
      1     240        408.3926          0.0000 *    OK      
      2     240        409.4151          0.0000 *    OK      
      3     240        409.7000          0.0000 *    OK      
      4     240        410.1158          0.0000 *    OK      
      5     240        411.4424          0.0000 *    OK      
      6     240        412.9614          0.0003 *    OK      
      7     240        413.7415          0.0002 *    OK      
      8     240        414.3685          0.0015 *    OK      
      9     240        415.5019          0.0025 *    OK      
     10     240        415.8787          0.0020 *    OK      
     11     240        416.2426          0.0079 *    OK      
     12     240        416.4147          0.0151 *    OK      
     13     240        417.0778          0.0078 *    OK      
     14     240        417.2401          0.0095 *    OK      
     15     240        418.2767          0.0378 o    OK      
     16     240        418.3730          0.0584 o    OK      
     17     240        418.6126          0.0500 o    OK      
     18     240        418.7767          0.8118 o    OK      
     19     240        418.9000          0.7296 o    OK      
     20     240        418.9456          0.1750 o    OK      
     
      1     260        408.3926          0.0000 *    OK      
      2     260        409.4151          0.0000 *    OK      
      3     260        409.7000          0.0000 *    OK      
      4     260        410.1158          0.0000 *    OK      
      5     260        411.4424          0.0000 *    OK      
      6     260        412.9614          0.0002 *    OK      
      7     260        413.7415          0.0001 *    OK      
      8     260        414.3685          0.0008 *    OK      
      9     260        415.5019          0.0014 *    OK      
     10     260        415.8787          0.0011 *    OK      
     11     260        416.2426          0.0046 *    OK      
     12     260        416.4146          0.0084 *    OK      
     13     260        417.0778          0.0045 *    OK      
     14     260        417.2401          0.0058 *    OK      
     15     260        418.2767          0.0255 *    OK      
     16     260        418.3729          0.0402 o    OK      
     17     260        418.6125          0.0332 o    OK      
     18     260        418.7610          0.5487 o    OK      
     19     260        418.8877          0.4850 o    OK      
     20     260        418.9450          0.1083 o    OK      
     
      1     280        408.3926          0.0000 *    OK      
      2     280        409.4151          0.0000 *    OK      
      3     280        409.7000          0.0000 *    OK      
      4     280        410.1158          0.0000 *    OK      
      5     280        411.4424          0.0000 *    OK      
      6     280        412.9614          0.0001 *    OK      
      7     280        413.7415          0.0001 *    OK      
      8     280        414.3685          0.0004 *    OK      
      9     280        415.5019          0.0007 *    OK      
     10     280        415.8787          0.0006 *    OK      
     11     280        416.2426          0.0027 *    OK      
     12     280        416.4146          0.0051 *    OK      
     13     280        417.0778          0.0026 *    OK      
     14     280        417.2401          0.0036 *    OK      
     15     280        418.2767          0.0169 *    OK      
     16     280        418.3729          0.0272 *    OK      
     17     280        418.6125          0.0214 *    OK      
     18     280        418.7542          0.3495 o    OK      
     19     280        418.8819          0.3224 o    OK      
     20     280        418.9447          0.0700 o    OK      
     
      1     300        408.3926          0.0000 *    OK      
      2     300        409.4151          0.0000 *    OK      
      3     300        409.7000          0.0000 *    OK      
      4     300        410.1158          0.0000 *    OK      
      5     300        411.4424          0.0000 *    OK      
      6     300        412.9614          0.0000 *    OK      
      7     300        413.7415          0.0000 *    OK      
      8     300        414.3685          0.0002 *    OK      
      9     300        415.5019          0.0004 *    OK      
     10     300        415.8787          0.0004 *    OK      
     11     300        416.2426          0.0015 *    OK      
     12     300        416.4146          0.0029 *    OK      
     13     300        417.0778          0.0015 *    OK      
     14     300        417.2401          0.0022 *    OK      
     15     300        418.2767          0.0109 *    OK      
     16     300        418.3729          0.0171 *    OK      
     17     300        418.6125          0.0137 *    OK      
     18     300        418.7516          0.2195 o    OK      
     19     300        418.8795          0.2154 o    OK      
     20     300        418.9446          0.0461 o    OK      
     
      1     320        408.3926          0.0000 *    OK      
      2     320        409.4151          0.0000 *    OK      
      3     320        409.7000          0.0000 *    OK      
      4     320        410.1158          0.0000 *    OK      
      5     320        411.4424          0.0000 *    OK      
      6     320        412.9614          0.0000 *    OK      
      7     320        413.7415          0.0000 *    OK      
      8     320        414.3685          0.0001 *    OK      
      9     320        415.5019          0.0002 *    OK      
     10     320        415.8787          0.0002 *    OK      
     11     320        416.2426          0.0008 *    OK      
     12     320        416.4146          0.0016 *    OK      
     13     320        417.0778          0.0009 *    OK      
     14     320        417.2401          0.0013 *    OK      
     15     320        418.2766          0.0067 *    OK      
     16     320        418.3729          0.0104 *    OK      
     17     320        418.6125          0.0086 *    OK      
     18     320        418.7505          0.1351 o    OK      
     19     320        418.8784          0.1463 o    OK      
     20     320        418.9446          0.0302 o    OK      
     
      1     340        408.3926          0.0000 *    OK      
      2     340        409.4151          0.0000 *    OK      
      3     340        409.7000          0.0000 *    OK      
      4     340        410.1158          0.0000 *    OK      
      5     340        411.4424          0.0000 *    OK      
      6     340        412.9614          0.0000 *    OK      
      7     340        413.7415          0.0000 *    OK      
      8     340        414.3685          0.0001 *    OK      
      9     340        415.5019          0.0001 *    OK      
     10     340        415.8787          0.0001 *    OK      
     11     340        416.2426          0.0005 *    OK      
     12     340        416.4146          0.0009 *    OK      
     13     340        417.0778          0.0005 *    OK      
     14     340        417.2401          0.0007 *    OK      
     15     340        418.2766          0.0041 *    OK      
     16     340        418.3729          0.0063 *    OK      
     17     340        418.6125          0.0054 *    OK      
     18     340        418.7501          0.0872 o    OK      
     19     340        418.8779          0.0918 o    OK      
     20     340        418.9445          0.0182 *    OK      
     
      1     360        408.3926          0.0000 *    OK      
      2     360        409.4151          0.0000 *    OK      
      3     360        409.7000          0.0000 *    OK      
      4     360        410.1158          0.0000 *    OK      
      5     360        411.4424          0.0000 *    OK      
      6     360        412.9614          0.0000 *    OK      
      7     360        413.7415          0.0000 *    OK      
      8     360        414.3685          0.0000 *    OK      
      9     360        415.5019          0.0001 *    OK      
     10     360        415.8787          0.0001 *    OK      
     11     360        416.2426          0.0003 *    OK      
     12     360        416.4146          0.0005 *    OK      
     13     360        417.0778          0.0003 *    OK      
     14     360        417.2401          0.0004 *    OK      
     15     360        418.2766          0.0026 *    OK      
     16     360        418.3729          0.0038 *    OK      
     17     360        418.6125          0.0035 *    OK      
     18     360        418.7500          0.0557 o    OK      
     19     360        418.8777          0.0588 o    OK      
     20     360        418.9445          0.0113 *    OK      
     
      1     380        408.3926          0.0000 *    OK      
      2     380        409.4151          0.0000 *    OK      
      3     380        409.7000          0.0000 *    OK      
      4     380        410.1158          0.0000 *    OK      
      5     380        411.4424          0.0000 *    OK      
      6     380        412.9614          0.0000 *    OK      
      7     380        413.7415          0.0000 *    OK      
      8     380        414.3685          0.0000 *    OK      
      9     380        415.5019          0.0000 *    OK      
     10     380        415.8787          0.0000 *    OK      
     11     380        416.2426          0.0001 *    OK      
     12     380        416.4146          0.0003 *    OK      
     13     380        417.0778          0.0002 *    OK      
     14     380        417.2401          0.0003 *    OK      
     15     380        418.2766          0.0016 *    OK      
     16     380        418.3729          0.0022 *    OK      
     17     380        418.6125          0.0022 *    OK      
     18     380        418.7499          0.0341 o    OK      
     19     380        418.8776          0.0385 o    OK      
     20     380        418.9445          0.0073 *    OK      
     
 Davidson space exhausted.
 Generating new (orthogonalized) start vectors.
 For the next macroiteration.
 Leaving micro iteration loop.
 Saving restart information to dav_restart.0001
 Davidson restart file dav_restart.0001 generated.
   ****   MACRO iteration            3
 
 Orthogonality of the Davidson start vectors:
 Should be close to zero:   5.6843418860808015E-014
 
 (Re)initializing Krylov space of dim.:           20
 
 
   root    dim       energy(eV)       error (eV)     status
--------------------------------------------------------
      1      20        408.3926          0.0000 *    OK      
      2      20        409.4151          0.0000 *    OK      
      3      20        409.7000          0.0000 *    OK      
      4      20        410.1158          0.0000 *    OK      
      5      20        411.4424          0.0000 *    OK      
      6      20        412.9614          0.0000 *    OK      
      7      20        413.7415          0.0000 *    OK      
      8      20        414.3685          0.0000 *    OK      
      9      20        415.5019          0.0000 *    OK      
     10      20        415.8787          0.0000 *    OK      
     11      20        416.2426          0.0002 *    OK      
     12      20        416.4146          0.0003 *    OK      
     13      20        417.0778          0.0002 *    OK      
     14      20        417.2401          0.0003 *    OK      
     15      20        418.2766          0.0019 *    OK      
     16      20        418.3729          0.0027 *    OK      
     17      20        418.6125          0.0026 *    OK      
     18      20        418.7499          0.0406 o    OK      
     19      20        418.8776          0.0458 o    OK      
     20      20        418.9445          0.0087 *    OK      
     
      1      40        408.3926          0.0000 *    OK      
      2      40        409.4151          0.0000 *    OK      
      3      40        409.7000          0.0000 *    OK      
      4      40        410.1158          0.0000 *    OK      
      5      40        411.4424          0.0000 *    OK      
      6      40        412.9614          0.0000 *    OK      
      7      40        413.7415          0.0000 *    OK      
      8      40        414.3685          0.0000 *    OK      
      9      40        415.5019          0.0000 *    OK      
     10      40        415.8787          0.0000 *    OK      
     11      40        416.2426          0.0001 *    OK      
     12      40        416.4146          0.0002 *    OK      
     13      40        417.0778          0.0001 *    OK      
     14      40        417.2401          0.0002 *    OK      
     15      40        418.2766          0.0009 *    OK      
     16      40        418.3729          0.0013 *    OK      
     17      40        418.6125          0.0013 *    OK      
     18      40        418.7499          0.0208 *    OK      
     19      40        418.8776          0.0235 *    OK      
     20      40        418.9445          0.0046 *    OK      
     
 All vectors converged. Leaving microiteration loop.
 Leaving Davidson macro iteration loop.
 All vectors converged to desired threshold
 Davidson vectors written to dav_vecs.0001
 **************************************************
 ***** U L T I M A 2
 *****
 ***** analyzing vectors in symmetry             1
 *****
 **************************************************


Threshold values for eig. printing

    vsm:  0.00000000  for minimum square sum of 1h coeff.

    vsc:  0.01000000  for minimum square coeff. of other conf. printed


 
 Vector length for CTA processing:         2090
 
 CTA file name:wfile01
 
         1)  408.3926  39.3
 %     1h core  1  39.263
 %   2h1p core  1  45.850  (  18.852  26.997)
 %   3h2p core  1  14.887  (   3.341   4.830   3.087   0.890   2.739)
 %     1h total    39.263
 %   2h1p total    45.850  (  18.852  26.997)
 %   3h2p total    14.887  (   3.341   4.830   3.087   0.890   2.739)
                      0.626603  1                       
                      0.330413  1 20   22 spin2         
                      0.251972  1 20   22 spin1         
                     -0.149823  1 20   24 spin2         
                      0.149693  1 15   22 spin2         
                     -0.133572  1 20   24 spin1         
                      0.130980  1 15   22 spin1         
                     -0.123241  1 15   24 spin2         
                     -0.114853  1 15   24 spin1         
         2)  409.4151   0.0
 %     1h core  1   0.021
 %   2h1p core  1  75.044  (  62.602  12.441)
 %   3h2p core  1  24.936  (   1.237  11.285   6.373   4.770   1.271)
 %     1h total     0.021
 %   2h1p total    75.044  (  62.602  12.441)
 %   3h2p total    24.936  (   1.237  11.285   6.373   4.770   1.271)
                      0.014376  1                       
                     -0.631464  1 21   22 spin1         
                      0.396362  1 21   24 spin1         
                     -0.256144  1 21   22 spin2         
                      0.193830  1 21   24 spin2         
                     -0.144337  1 20   22 spin1         
                      0.130755  1 21 15   24   22 spin2 
                     -0.123462  1 21   54 spin1         
                      0.119760  1 21 15   22   22 spin2 
                      0.100461  1 21 18   22   22 spin2 
         3)  409.7000   1.9
 %     1h core  1   1.855
 %   2h1p core  1  71.837  (  62.024   9.813)
 %   3h2p core  1  26.308  (  11.649   3.599   2.968   6.943   1.149)
 %     1h total     1.855
 %   2h1p total    71.837  (  62.024   9.813)
 %   3h2p total    26.308  (  11.649   3.599   2.968   6.943   1.149)
                      0.136215  1                       
                     -0.623839  1 20   22 spin1         
                      0.383437  1 20   24 spin1         
                      0.260743  1 20   22 spin2         
                      0.156885  1 21   22 spin1         
                     -0.142240  1 20 15   24   22 spin1 
                      0.137674  1 20 15   22   22 spin1 
                     -0.111876  1 20   24 spin2         
                     -0.109344  1 20   54 spin1         
                      0.102494  1 20   30 spin1         
         4)  410.1158   0.0
 %     1h core  1   0.004
 %   2h1p core  1  70.568  (  11.621  58.947)
 %   3h2p core  1  29.429  (  19.252   0.720   0.332   2.743   6.381)
 %     1h total     0.004
 %   2h1p total    70.568  (  11.621  58.947)
 %   3h2p total    29.429  (  19.252   0.720   0.332   2.743   6.381)
                      0.006097  1                       
                     -0.626342  1 21   22 spin2         
                      0.358317  1 21   24 spin2         
                      0.294324  1 21   22 spin1         
                     -0.185737  1 20   22 spin2         
                      0.171015  1 21 15   24   22 spin1 
                     -0.170874  1 21 15   22   22 spin1 
                     -0.126736  1 21   24 spin1         
                      0.107678  1 20   24 spin2         
                      0.103778  1 21 18   24   22 spin1 
                     -0.100142  1 21 18   22   22 spin1 
         5)  411.4424  16.5
 %     1h core  1  16.469
 %   2h1p core  1  63.370  (   9.472  53.897)
 %   3h2p core  1  20.161  (   7.211   3.601   3.020   0.490   5.839)
 %     1h total    16.469
 %   2h1p total    63.370  (   9.472  53.897)
 %   3h2p total    20.161  (   7.211   3.601   3.020   0.490   5.839)
                      0.405824  1                       
                     -0.493193  1 20   22 spin2         
                      0.378026  1 20   24 spin2         
                      0.148836  1 20   24 spin1         
                     -0.148209  1 18   22 spin2         
                      0.145689  1 21   22 spin2         
                     -0.112025  1 21   24 spin2         
                     -0.101827  1 20   54 spin2         
         6)  412.9614   0.1
 %     1h core  1   0.104
 %   2h1p core  1  73.577  (  69.844   3.733)
 %   3h2p core  1  26.320  (   7.035   6.272   5.147   7.320   0.546)
 %     1h total     0.104
 %   2h1p total    73.577  (  69.844   3.733)
 %   3h2p total    26.320  (   7.035   6.272   5.147   7.320   0.546)
                     -0.032172  1                       
                     -0.665348  1 18   22 spin1         
                      0.405863  1 18   24 spin1         
                      0.153500  1 15   22 spin1         
                     -0.129093  1 18   54 spin1         
         7)  413.7415   0.8
 %     1h core  1   0.773
 %   2h1p core  1  70.762  (   5.253  65.509)
 %   3h2p core  1  28.465  (  14.334   3.771   1.372   1.797   7.192)
 %     1h total     0.773
 %   2h1p total    70.762  (   5.253  65.509)
 %   3h2p total    28.465  (  14.334   3.771   1.372   1.797   7.192)
                      0.087921  1                       
                      0.633114  1 18   22 spin2         
                     -0.385441  1 18   24 spin2         
                     -0.189596  1 15   22 spin2         
                     -0.161252  1 21   23 spin1         
                      0.137921  1 18 15   22   22 spin1 
                     -0.136432  1 18 15   24   22 spin1 
                      0.101254  1 15   24 spin2         
                      0.100940  1 18   54 spin2         
         8)  414.3685   0.1
 %     1h core  1   0.060
 %   2h1p core  1  71.034  (  51.897  19.137)
 %   3h2p core  1  28.905  (   8.855   2.057   2.946  11.219   3.828)
 %     1h total     0.060
 %   2h1p total    71.034  (  51.897  19.137)
 %   3h2p total    28.905  (   8.855   2.057   2.946  11.219   3.828)
                      0.024565  1                       
                      0.507774  1 21   23 spin1         
                     -0.289769  1 21   23 spin2         
                     -0.267358  1 20   24 spin1         
                      0.258079  1 20   23 spin1         
                      0.196131  1 21   24 spin1         
                      0.177670  1 20   24 spin2         
                     -0.154548  1 20   22 spin1         
                     -0.149308  1 20   23 spin2         
                      0.137647  1 18   30 spin1         
                      0.135862  1 18   22 spin2         
                     -0.121108  1 21   24 spin2         
                     -0.110505  1 18   22 spin1         
                      0.101089  1 21   22 spin1         
         9)  415.5019   0.0
 %     1h core  1   0.000
 %   2h1p core  1  69.864  (  54.757  15.108)
 %   3h2p core  1  30.135  (   9.457   2.485   3.445  11.542   3.207)
 %     1h total     0.000
 %   2h1p total    69.864  (  54.757  15.108)
 %   3h2p total    30.135  (   9.457   2.485   3.445  11.542   3.207)
                      0.001550  1                       
                     -0.557560  1 21   24 spin1         
                     -0.333400  1 21   22 spin1         
                      0.299150  1 21   24 spin2         
                      0.191055  1 20   23 spin1         
                     -0.187684  1 21   30 spin1         
                     -0.153542  1 20   24 spin1         
                      0.147499  1 21   22 spin2         
                     -0.132023  1 21 15   24   22 spin4 
                     -0.129756  1 20   23 spin2         
                      0.105590  1 21 20   22   22 spin1 
        10)  415.8787   0.0
 %     1h core  1   0.003
 %   2h1p core  1  70.531  (  53.455  17.077)
 %   3h2p core  1  29.466  (   9.144   2.404   3.344  11.114   3.461)
 %     1h total     0.003
 %   2h1p total    70.531  (  53.455  17.077)
 %   3h2p total    29.466  (   9.144   2.404   3.344  11.114   3.461)
                      0.005229  1                       
                      0.463105  1 20   24 spin1         
                      0.379484  1 21   23 spin1         
                      0.281181  1 20   22 spin1         
                     -0.248194  1 20   24 spin2         
                     -0.233462  1 21   23 spin2         
                      0.223421  1 18   24 spin1         
                     -0.141782  1 18   24 spin2         
                     -0.131985  1 20   22 spin2         
                      0.123416  1 20   30 spin1         
                      0.112483  1 20 15   24   22 spin4 
        11)  416.2426   0.0
 %     1h core  1   0.005
 %   2h1p core  1  70.213  (  20.559  49.654)
 %   3h2p core  1  29.782  (   4.005   6.217   7.680   1.837  10.043)
 %     1h total     0.005
 %   2h1p total    70.213  (  20.559  49.654)
 %   3h2p total    29.782  (   4.005   6.217   7.680   1.837  10.043)
                     -0.006939  1                       
                     -0.439021  1 21   24 spin2         
                     -0.288595  1 21   22 spin2         
                     -0.260797  1 20   23 spin2         
                     -0.245551  1 20   23 spin1         
                      0.224565  1 21   23 spin2         
                     -0.216773  1 20   24 spin2         
                     -0.214026  1 21   24 spin1         
                      0.162278  1 21   23 spin1         
                     -0.161599  1 21   22 spin1         
                     -0.137245  1 20   22 spin2         
                     -0.131127  1 21   30 spin2         
                     -0.123652  1 20   24 spin1         
                      0.110730  1 21 15   24   22 spin5 
                     -0.100409  1 18   23 spin1         
        12)  416.4147   0.0
 %     1h core  1   0.000
 %   2h1p core  1  70.181  (  47.795  22.386)
 %   3h2p core  1  29.819  (   9.912   1.903   2.341  10.868   4.794)
 %     1h total     0.000
 %   2h1p total    70.181  (  47.795  22.386)
 %   3h2p total    29.819  (   9.912   1.903   2.341  10.868   4.794)
                      0.000669  1                       
                     -0.506878  1 20   23 spin1         
                      0.338935  1 20   23 spin2         
                     -0.324955  1 18   23 spin1         
                      0.207663  1 18   23 spin2         
                     -0.168351  1 21   30 spin1         
                      0.162825  1 21   23 spin1         
                     -0.150127  1 20   24 spin1         
                     -0.126090  1 21   23 spin2         
                      0.119233  1 21   30 spin2         
                      0.114189  1 20   24 spin2         
                     -0.102312  1 20   30 spin1         
        13)  417.0778   0.6
 %     1h core  1   0.592
 %   2h1p core  1  74.467  (  51.010  23.457)
 %   3h2p core  1  24.941  (   6.262   2.496   2.851   9.646   3.686)
 %     1h total     0.592
 %   2h1p total    74.467  (  51.010  23.457)
 %   3h2p total    24.941  (   6.262   2.496   2.851   9.646   3.686)
                     -0.076939  1                       
                      0.527648  1 15   22 spin1         
                     -0.403537  1 15   24 spin1         
                     -0.359526  1 15   22 spin2         
                      0.264186  1 15   24 spin2         
                      0.124152  1 15   54 spin1         
                     -0.117072  1 15   30 spin1         
        14)  417.2401   0.0
 %     1h core  1   0.000
 %   2h1p core  1  69.186  (  16.802  52.384)
 %   3h2p core  1  30.814  (   5.762   5.109   7.471   1.368  11.104)
 %     1h total     0.000
 %   2h1p total    69.186  (  16.802  52.384)
 %   3h2p total    30.814  (   5.762   5.109   7.471   1.368  11.104)
                     -0.000044  1                       
                     -0.414475  1 21   23 spin2         
                      0.326746  1 20   24 spin2         
                     -0.249200  1 21   23 spin1         
                     -0.244291  1 20   23 spin2         
                      0.242225  1 20   22 spin2         
                     -0.203250  1 21   24 spin2         
                      0.164191  1 20   24 spin1         
                      0.162569  1 18   24 spin2         
                     -0.147026  1 20   23 spin1         
                     -0.141225  1 21   22 spin2         
                      0.133358  1 20   22 spin1         
                      0.123606  1 20   30 spin2         
                      0.112471  1 20 20   22   22       
                     -0.106256  1 21   24 spin1         
        15)  418.2767   0.1
 %     1h core  1   0.094
 %   2h1p core  1  63.920  (  16.033  47.887)
 %   3h2p core  1  35.986  (   8.946   8.489   6.843   1.427  10.281)
 %     1h total     0.094
 %   2h1p total    63.920  (  16.033  47.887)
 %   3h2p total    35.986  (   8.946   8.489   6.843   1.427  10.281)
                     -0.030670  1                       
                      0.416108  1 21   23 spin2         
                      0.260464  1 20   23 spin2         
                      0.257663  1 20   22 spin2         
                      0.243537  1 20   24 spin2         
                      0.236485  1 21   23 spin1         
                      0.161895  1 20 20   22   22       
                      0.150480  1 20   23 spin1         
                      0.148144  1 18   24 spin2         
                      0.144413  1 20   22 spin1         
                      0.134998  1 20   24 spin1         
                     -0.126310  1 15   22 spin2         
                      0.117042  1 20   30 spin2         
                      0.113138  1 21 20   22   22 spin2 
                     -0.102744  1 21   22 spin2         
                      0.101292  1 18   24 spin1         
        16)  418.3729   0.2
 %     1h core  1   0.211
 %   2h1p core  1  69.076  (  17.276  51.800)
 %   3h2p core  1  30.714  (   5.243   5.414   7.486   1.451  11.120)
 %     1h total     0.211
 %   2h1p total    69.076  (  17.276  51.800)
 %   3h2p total    30.714  (   5.243   5.414   7.486   1.451  11.120)
                      0.045916  1                       
                      0.457074  1 20   23 spin2         
                      0.272104  1 20   23 spin1         
                     -0.263652  1 21   23 spin2         
                      0.250837  1 18   23 spin2         
                     -0.249401  1 21   24 spin2         
                     -0.205075  1 21   22 spin2         
                     -0.156559  1 21   23 spin1         
                     -0.135143  1 21   24 spin1         
                     -0.133577  1 20   24 spin2         
                      0.127471  1 18   23 spin1         
                     -0.114568  1 21   22 spin1         
                     -0.105481  1 20   22 spin2         
                     -0.105169  1 21   30 spin2         
        17)  418.6125   0.0
 %     1h core  1   0.042
 %   2h1p core  1  68.666  (  51.478  17.188)
 %   3h2p core  1  31.292  (   9.234   4.219   4.020  10.089   3.729)
 %     1h total     0.042
 %   2h1p total    68.666  (  51.478  17.188)
 %   3h2p total    31.292  (   9.234   4.219   4.020  10.089   3.729)
                     -0.020589  1                       
                     -0.453528  1 18   24 spin1         
                      0.331559  1 20   30 spin1         
                     -0.281602  1 18   22 spin1         
                      0.278922  1 18   24 spin2         
                      0.177056  1 15   24 spin1         
                     -0.176500  1 20   30 spin2         
                      0.157716  1 18   22 spin2         
                     -0.144780  1 21   30 spin1         
                     -0.125073  1 15   24 spin2         
                     -0.108477  1 18 15   24   22 spin4 
                      0.102808  1 15   22 spin1         
        18)  418.7499   0.0
 %     1h core  1   0.049
 %   2h1p core  1   0.345  (   0.154   0.190)
 %   3h2p core  1  99.607  (  54.814  44.518   0.088   0.126   0.061)
 %     1h total     0.049
 %   2h1p total     0.345  (   0.154   0.190)
 %   3h2p total    99.607  (  54.814  44.518   0.088   0.126   0.061)
                      0.022095  1                       
                      0.335926  1 19 19   24   22 spin1 
                      0.297981  1 19 19   22   22       
                     -0.272193  1 19 17   24   22 spin2 
                     -0.268987  1 19 17   22   22 spin2 
                     -0.225657  1 19 17   24   22 spin1 
                      0.223080  1 19 17   22   22 spin1 
                      0.186170  1 19 19   24   24       
                     -0.132492  1 19 19   54   22 spin1 
                     -0.131029  1 19 17   24   24 spin2 
                     -0.124703  1 19 16   22   22 spin2 
                     -0.120128  1 19 16   24   22 spin2 
                      0.117437  1 17 14   22   22 spin2 
                      0.116391  1 17 14   24   22 spin2 
                      0.108544  1 19 17   24   24 spin1 
                      0.105131  1 19 17   54   22 spin2 
                      0.103672  1 19 14   22   22 spin2 
                      0.103547  1 19 14   24   22 spin2 
                      0.100636  1 19 19   30   22 spin1 
        19)  418.8776   0.0
 %     1h core  1   0.019
 %   2h1p core  1   0.222  (   0.135   0.088)
 %   3h2p core  1  99.758  (  77.978  21.451   0.062   0.040   0.228)
 %     1h total     0.019
 %   2h1p total     0.222  (   0.135   0.088)
 %   3h2p total    99.758  (  77.978  21.451   0.062   0.040   0.228)
                      0.013855  1                       
                      0.447702  1 19 17   24   22 spin1 
                     -0.437345  1 19 17   22   22 spin1 
                     -0.220474  1 19 17   24   22 spin2 
                     -0.219228  1 19 17   24   24 spin1 
                     -0.216547  1 19 17   22   22 spin2 
                     -0.171653  1 19 17   54   22 spin1 
                     -0.153472  1 17 14   22   22 spin1 
                      0.150788  1 17 14   24   22 spin1 
                      0.123281  1 19 17   30   22 spin1 
                      0.108917  1 19 17   54   24 spin1 
                     -0.108627  1 17 10   24   22 spin1 
                      0.108442  1 17 10   22   22 spin1 
                     -0.107166  1 19 17   24   24 spin2 
                      0.100738  1 19 19   24   22 spin1 
        20)  418.9445   2.7
 %     1h core  1   2.653
 %   2h1p core  1  27.645  (  10.820  16.825)
 %   3h2p core  1  69.702  (  28.774  32.181   3.475   1.342   3.929)
 %     1h total     2.653
 %   2h1p total    27.645  (  10.820  16.825)
 %   3h2p total    69.702  (  28.774  32.181   3.475   1.342   3.929)
                     -0.162876  1                       
                     -0.282061  1 20 20   22   22       
                     -0.259893  1 20 20   24   22 spin1 
                     -0.197271  1 20 15   22   22 spin2 
                     -0.196056  1 20 15   24   22 spin2 
                      0.181318  1 20   24 spin2         
                     -0.176916  1 20 18   24   22 spin2 
                     -0.169060  1 20 18   22   22 spin2 
                     -0.157124  1 21 20   22   22 spin2 
                      0.153948  1 15   22 spin2         
                     -0.152360  1 15   24 spin1         
                     -0.141214  1 21 20   24   22 spin2 
                      0.128747  1 18   22 spin1         
                      0.123713  1 15   22 spin1         
                     -0.122777  1 15   24 spin2         
                      0.120192  1 18   22 spin2         
                     -0.112647  1 20 20   24   24       
                     -0.108867  1 21   24 spin2         
                      0.107551  1 20 20   54   22 spin1 
 
           20  vectors written to CTA file.
 
